2024-01-17 13:28:18,034 [Worker-3: Loading available Gradle versions] INFO  o.e.b.c.i.u.g.PublishedGradleVersions - Gradle version information cache is out-of-date. Trying to update.
2024-01-17 13:28:47,398 [Worker-2: Creating maven-archetype-quickstart] INFO  o.e.m.c.i.p.ProjectConfigurationManager - Collecting project info '/pom.xml' C:\Users\maxre\Documents\springcourse2\SpringDemo\pom.xml
2024-01-17 13:28:48,065 [Worker-2: Creating maven-archetype-quickstart] INFO  o.e.m.c.i.l.LifecycleMappingFactory - Using org.eclipse.m2e.jdt.JarLifecycleMapping lifecycle mapping for MavenProject: com.telusko:SpringDemo:0.0.1-SNAPSHOT @ C:\Users\maxre\Documents\springcourse2\SpringDemo\pom.xml.
2024-01-17 13:28:48,448 [Worker-2: Creating maven-archetype-quickstart] INFO  o.e.m.j.i.AbstractJavaProjectConfigurator - Adding source folder /SpringDemo/src/main/java
2024-01-17 13:28:48,455 [Worker-2: Creating maven-archetype-quickstart] INFO  o.e.m.j.i.AbstractJavaProjectConfigurator - Adding source folder /SpringDemo/src/test/java
2024-01-17 13:28:48,523 [Worker-2: Creating maven-archetype-quickstart] INFO  o.e.m.c.i.p.ProjectConfigurationManager - Imported and configured 1 project(s) in 1 sec
2024-01-17 13:28:48,754 [Worker-1: Building workspace] INFO  o.e.m.c.i.embedder.EclipseLogger - Using 'UTF-8' encoding to copy filtered resources.
2024-01-17 13:28:48,755 [Worker-1: Building workspace] INFO  o.e.m.c.i.embedder.EclipseLogger - skip non existing resourceDirectory C:\Users\maxre\Documents\springcourse2\SpringDemo\src\main\resources
2024-01-17 13:28:48,756 [Worker-1: Building workspace] INFO  o.e.m.c.i.embedder.EclipseLogger - Using 'UTF-8' encoding to copy filtered resources.
2024-01-17 13:28:48,756 [Worker-1: Building workspace] INFO  o.e.m.c.i.embedder.EclipseLogger - skip non existing resourceDirectory C:\Users\maxre\Documents\springcourse2\SpringDemo\src\test\resources
2024-01-17 13:29:01,879 [Worker-4: Building workspace] INFO  o.e.m.c.i.l.LifecycleMappingFactory - Using org.eclipse.m2e.jdt.JarLifecycleMapping lifecycle mapping for MavenProject: com.telusko:SpringDemo:0.0.1-SNAPSHOT @ C:\Users\maxre\Documents\springcourse2\SpringDemo\pom.xml.
2024-01-17 13:29:02,016 [Worker-4: Building workspace] INFO  o.e.m.c.i.embedder.EclipseLogger - Using 'UTF-8' encoding to copy filtered resources.
2024-01-17 13:29:02,016 [Worker-4: Building workspace] INFO  o.e.m.c.i.embedder.EclipseLogger - skip non existing resourceDirectory C:\Users\maxre\Documents\springcourse2\SpringDemo\src\main\resources
2024-01-17 13:29:02,017 [Worker-4: Building workspace] INFO  o.e.m.c.i.embedder.EclipseLogger - Using 'UTF-8' encoding to copy filtered resources.
2024-01-17 13:29:02,017 [Worker-4: Building workspace] INFO  o.e.m.c.i.embedder.EclipseLogger - skip non existing resourceDirectory C:\Users\maxre\Documents\springcourse2\SpringDemo\src\test\resources
2024-01-17 13:30:03,439 [Worker-8: Building workspace] INFO  o.e.m.c.i.embedder.EclipseLogger - Using 'UTF-8' encoding to copy filtered resources.
2024-01-17 13:30:03,440 [Worker-8: Building workspace] INFO  o.e.m.c.i.embedder.EclipseLogger - skip non existing resourceDirectory C:\Users\maxre\Documents\springcourse2\SpringDemo\src\main\resources
2024-01-17 13:30:03,440 [Worker-8: Building workspace] INFO  o.e.m.c.i.embedder.EclipseLogger - Using 'UTF-8' encoding to copy filtered resources.
2024-01-17 13:30:03,440 [Worker-8: Building workspace] INFO  o.e.m.c.i.embedder.EclipseLogger - skip non existing resourceDirectory C:\Users\maxre\Documents\springcourse2\SpringDemo\src\test\resources
2024-01-17 13:30:10,918 [Worker-7: Building workspace] INFO  o.e.m.c.i.embedder.EclipseLogger - Using 'UTF-8' encoding to copy filtered resources.
2024-01-17 13:30:10,918 [Worker-7: Building workspace] INFO  o.e.m.c.i.embedder.EclipseLogger - skip non existing resourceDirectory C:\Users\maxre\Documents\springcourse2\SpringDemo\src\main\resources
2024-01-17 13:30:10,919 [Worker-7: Building workspace] INFO  o.e.m.c.i.embedder.EclipseLogger - Using 'UTF-8' encoding to copy filtered resources.
2024-01-17 13:30:10,919 [Worker-7: Building workspace] INFO  o.e.m.c.i.embedder.EclipseLogger - skip non existing resourceDirectory C:\Users\maxre\Documents\springcourse2\SpringDemo\src\test\resources
2024-01-17 13:30:28,510 [Worker-2: Building workspace] INFO  o.e.m.c.i.embedder.EclipseLogger - Using 'UTF-8' encoding to copy filtered resources.
2024-01-17 13:30:28,510 [Worker-2: Building workspace] INFO  o.e.m.c.i.embedder.EclipseLogger - skip non existing resourceDirectory C:\Users\maxre\Documents\springcourse2\SpringDemo\src\main\resources
2024-01-17 13:30:28,515 [Worker-2: Building workspace] INFO  o.e.m.c.i.embedder.EclipseLogger - Using 'UTF-8' encoding to copy filtered resources.
2024-01-17 13:30:28,515 [Worker-2: Building workspace] INFO  o.e.m.c.i.embedder.EclipseLogger - skip non existing resourceDirectory C:\Users\maxre\Documents\springcourse2\SpringDemo\src\test\resources
2024-01-17 13:30:41,040 [Worker-2: Building workspace] INFO  o.e.m.c.i.embedder.EclipseLogger - Using 'UTF-8' encoding to copy filtered resources.
2024-01-17 13:30:41,040 [Worker-2: Building workspace] INFO  o.e.m.c.i.embedder.EclipseLogger - skip non existing resourceDirectory C:\Users\maxre\Documents\springcourse2\SpringDemo\src\main\resources
2024-01-17 13:30:41,042 [Worker-2: Building workspace] INFO  o.e.m.c.i.embedder.EclipseLogger - Using 'UTF-8' encoding to copy filtered resources.
2024-01-17 13:30:41,042 [Worker-2: Building workspace] INFO  o.e.m.c.i.embedder.EclipseLogger - skip non existing resourceDirectory C:\Users\maxre\Documents\springcourse2\SpringDemo\src\test\resources
2024-01-17 13:30:44,503 [Worker-3: Building workspace] INFO  o.e.m.c.i.embedder.EclipseLogger - Using 'UTF-8' encoding to copy filtered resources.
2024-01-17 13:30:44,503 [Worker-3: Building workspace] INFO  o.e.m.c.i.embedder.EclipseLogger - skip non existing resourceDirectory C:\Users\maxre\Documents\springcourse2\SpringDemo\src\main\resources
2024-01-17 13:30:44,504 [Worker-3: Building workspace] INFO  o.e.m.c.i.embedder.EclipseLogger - Using 'UTF-8' encoding to copy filtered resources.
2024-01-17 13:30:44,505 [Worker-3: Building workspace] INFO  o.e.m.c.i.embedder.EclipseLogger - skip non existing resourceDirectory C:\Users\maxre\Documents\springcourse2\SpringDemo\src\test\resources
2024-01-17 13:33:05,731 [Worker-16: Building workspace] INFO  o.e.m.c.i.embedder.EclipseLogger - Using 'UTF-8' encoding to copy filtered resources.
2024-01-17 13:33:05,732 [Worker-16: Building workspace] INFO  o.e.m.c.i.embedder.EclipseLogger - skip non existing resourceDirectory C:\Users\maxre\Documents\springcourse2\SpringDemo\src\main\resources
2024-01-17 13:33:05,733 [Worker-16: Building workspace] INFO  o.e.m.c.i.embedder.EclipseLogger - Using 'UTF-8' encoding to copy filtered resources.
2024-01-17 13:33:05,733 [Worker-16: Building workspace] INFO  o.e.m.c.i.embedder.EclipseLogger - skip non existing resourceDirectory C:\Users\maxre\Documents\springcourse2\SpringDemo\src\test\resources
2024-01-17 13:35:19,410 [Worker-14: Building workspace] INFO  o.e.m.c.i.embedder.EclipseLogger - Using 'UTF-8' encoding to copy filtered resources.
2024-01-17 13:35:19,410 [Worker-14: Building workspace] INFO  o.e.m.c.i.embedder.EclipseLogger - skip non existing resourceDirectory C:\Users\maxre\Documents\springcourse2\SpringDemo\src\main\resources
2024-01-17 13:35:19,411 [Worker-14: Building workspace] INFO  o.e.m.c.i.embedder.EclipseLogger - Using 'UTF-8' encoding to copy filtered resources.
2024-01-17 13:35:19,411 [Worker-14: Building workspace] INFO  o.e.m.c.i.embedder.EclipseLogger - skip non existing resourceDirectory C:\Users\maxre\Documents\springcourse2\SpringDemo\src\test\resources
2024-01-17 13:35:50,485 [Worker-4: Launching App] INFO  o.e.m.c.i.embedder.EclipseLogger - Using 'UTF-8' encoding to copy filtered resources.
2024-01-17 13:35:50,485 [Worker-4: Launching App] INFO  o.e.m.c.i.embedder.EclipseLogger - skip non existing resourceDirectory C:\Users\maxre\Documents\springcourse2\SpringDemo\src\main\resources
2024-01-17 13:35:50,487 [Worker-4: Launching App] INFO  o.e.m.c.i.embedder.EclipseLogger - Using 'UTF-8' encoding to copy filtered resources.
2024-01-17 13:35:50,487 [Worker-4: Launching App] INFO  o.e.m.c.i.embedder.EclipseLogger - skip non existing resourceDirectory C:\Users\maxre\Documents\springcourse2\SpringDemo\src\test\resources
2024-01-17 13:42:36,970 [Worker-23: Launching App] INFO  o.e.m.c.i.embedder.EclipseLogger - Using 'UTF-8' encoding to copy filtered resources.
2024-01-17 13:42:36,970 [Worker-23: Launching App] INFO  o.e.m.c.i.embedder.EclipseLogger - skip non existing resourceDirectory C:\Users\maxre\Documents\springcourse2\SpringDemo\src\main\resources
2024-01-17 13:42:36,972 [Worker-23: Launching App] INFO  o.e.m.c.i.embedder.EclipseLogger - Using 'UTF-8' encoding to copy filtered resources.
2024-01-17 13:42:36,972 [Worker-23: Launching App] INFO  o.e.m.c.i.embedder.EclipseLogger - skip non existing resourceDirectory C:\Users\maxre\Documents\springcourse2\SpringDemo\src\test\resources
2024-01-17 13:42:40,864 [Worker-3: Building workspace] INFO  o.e.m.c.i.embedder.EclipseLogger - Using 'UTF-8' encoding to copy filtered resources.
2024-01-17 13:42:40,864 [Worker-3: Building workspace] INFO  o.e.m.c.i.embedder.EclipseLogger - skip non existing resourceDirectory C:\Users\maxre\Documents\springcourse2\SpringDemo\src\main\resources
2024-01-17 13:42:40,865 [Worker-3: Building workspace] INFO  o.e.m.c.i.embedder.EclipseLogger - Using 'UTF-8' encoding to copy filtered resources.
2024-01-17 13:42:40,865 [Worker-3: Building workspace] INFO  o.e.m.c.i.embedder.EclipseLogger - skip non existing resourceDirectory C:\Users\maxre\Documents\springcourse2\SpringDemo\src\test\resources
2024-01-18 08:29:13,212 [Worker-2: Loading available Gradle versions] INFO  o.e.b.c.i.u.g.PublishedGradleVersions - Gradle version information cache is up-to-date. Trying to read.
2024-01-18 08:39:57,855 [Worker-18: Launching App] INFO  o.e.m.c.i.embedder.EclipseLogger - Using 'UTF-8' encoding to copy filtered resources.
2024-01-18 08:39:57,855 [Worker-18: Launching App] INFO  o.e.m.c.i.embedder.EclipseLogger - skip non existing resourceDirectory C:\Users\maxre\Documents\springcourse2\SpringDemo\src\main\resources
2024-01-18 08:39:57,858 [Worker-18: Launching App] INFO  o.e.m.c.i.embedder.EclipseLogger - Using 'UTF-8' encoding to copy filtered resources.
2024-01-18 08:39:57,858 [Worker-18: Launching App] INFO  o.e.m.c.i.embedder.EclipseLogger - skip non existing resourceDirectory C:\Users\maxre\Documents\springcourse2\SpringDemo\src\test\resources
2024-01-18 08:41:51,252 [Worker-19: Launching App] INFO  o.e.m.c.i.embedder.EclipseLogger - Using 'UTF-8' encoding to copy filtered resources.
2024-01-18 08:41:51,253 [Worker-19: Launching App] INFO  o.e.m.c.i.embedder.EclipseLogger - skip non existing resourceDirectory C:\Users\maxre\Documents\springcourse2\SpringDemo\src\main\resources
2024-01-18 08:41:51,254 [Worker-19: Launching App] INFO  o.e.m.c.i.embedder.EclipseLogger - Using 'UTF-8' encoding to copy filtered resources.
2024-01-18 08:41:51,255 [Worker-19: Launching App] INFO  o.e.m.c.i.embedder.EclipseLogger - skip non existing resourceDirectory C:\Users\maxre\Documents\springcourse2\SpringDemo\src\test\resources
2024-01-18 08:49:27,637 [Worker-21: Launching App] INFO  o.e.m.c.i.embedder.EclipseLogger - Using 'UTF-8' encoding to copy filtered resources.
2024-01-18 08:49:27,637 [Worker-21: Launching App] INFO  o.e.m.c.i.embedder.EclipseLogger - skip non existing resourceDirectory C:\Users\maxre\Documents\springcourse2\SpringDemo\src\main\resources
2024-01-18 08:49:27,638 [Worker-21: Launching App] INFO  o.e.m.c.i.embedder.EclipseLogger - Using 'UTF-8' encoding to copy filtered resources.
2024-01-18 08:49:27,639 [Worker-21: Launching App] INFO  o.e.m.c.i.embedder.EclipseLogger - skip non existing resourceDirectory C:\Users\maxre\Documents\springcourse2\SpringDemo\src\test\resources
2024-01-18 08:50:17,427 [Worker-21: Launching App] INFO  o.e.m.c.i.embedder.EclipseLogger - Using 'UTF-8' encoding to copy filtered resources.
2024-01-18 08:50:17,427 [Worker-21: Launching App] INFO  o.e.m.c.i.embedder.EclipseLogger - skip non existing resourceDirectory C:\Users\maxre\Documents\springcourse2\SpringDemo\src\main\resources
2024-01-18 08:50:17,427 [Worker-21: Launching App] INFO  o.e.m.c.i.embedder.EclipseLogger - Using 'UTF-8' encoding to copy filtered resources.
2024-01-18 08:50:17,428 [Worker-21: Launching App] INFO  o.e.m.c.i.embedder.EclipseLogger - skip non existing resourceDirectory C:\Users\maxre\Documents\springcourse2\SpringDemo\src\test\resources
2024-01-18 08:59:17,136 [Worker-27: Building workspace] INFO  o.e.m.c.i.embedder.EclipseLogger - Using 'UTF-8' encoding to copy filtered resources.
2024-01-18 08:59:17,136 [Worker-27: Building workspace] INFO  o.e.m.c.i.embedder.EclipseLogger - skip non existing resourceDirectory C:\Users\maxre\Documents\springcourse2\SpringDemo\src\main\resources
2024-01-18 08:59:17,137 [Worker-27: Building workspace] INFO  o.e.m.c.i.embedder.EclipseLogger - Using 'UTF-8' encoding to copy filtered resources.
2024-01-18 08:59:17,137 [Worker-27: Building workspace] INFO  o.e.m.c.i.embedder.EclipseLogger - skip non existing resourceDirectory C:\Users\maxre\Documents\springcourse2\SpringDemo\src\test\resources
2024-01-18 08:59:58,202 [Worker-28: Launching App] INFO  o.e.m.c.i.embedder.EclipseLogger - Using 'UTF-8' encoding to copy filtered resources.
2024-01-18 08:59:58,202 [Worker-28: Launching App] INFO  o.e.m.c.i.embedder.EclipseLogger - skip non existing resourceDirectory C:\Users\maxre\Documents\springcourse2\SpringDemo\src\main\resources
2024-01-18 08:59:58,203 [Worker-28: Launching App] INFO  o.e.m.c.i.embedder.EclipseLogger - Using 'UTF-8' encoding to copy filtered resources.
2024-01-18 08:59:58,204 [Worker-28: Launching App] INFO  o.e.m.c.i.embedder.EclipseLogger - skip non existing resourceDirectory C:\Users\maxre\Documents\springcourse2\SpringDemo\src\test\resources
2024-01-18 09:23:21,947 [Worker-37: Launching App] INFO  o.e.m.c.i.embedder.EclipseLogger - Using 'UTF-8' encoding to copy filtered resources.
2024-01-18 09:23:21,948 [Worker-37: Launching App] INFO  o.e.m.c.i.embedder.EclipseLogger - skip non existing resourceDirectory C:\Users\maxre\Documents\springcourse2\SpringDemo\src\main\resources
2024-01-18 09:23:21,950 [Worker-37: Launching App] INFO  o.e.m.c.i.embedder.EclipseLogger - Using 'UTF-8' encoding to copy filtered resources.
2024-01-18 09:23:21,951 [Worker-37: Launching App] INFO  o.e.m.c.i.embedder.EclipseLogger - skip non existing resourceDirectory C:\Users\maxre\Documents\springcourse2\SpringDemo\src\test\resources
2024-01-18 10:04:56,853 [Worker-48: Building workspace] INFO  o.e.m.c.i.embedder.EclipseLogger - Using 'UTF-8' encoding to copy filtered resources.
2024-01-18 10:04:56,855 [Worker-48: Building workspace] INFO  o.e.m.c.i.embedder.EclipseLogger - skip non existing resourceDirectory C:\Users\maxre\Documents\springcourse2\SpringDemo\src\main\resources
2024-01-18 10:04:56,857 [Worker-48: Building workspace] INFO  o.e.m.c.i.embedder.EclipseLogger - Using 'UTF-8' encoding to copy filtered resources.
2024-01-18 10:04:56,858 [Worker-48: Building workspace] INFO  o.e.m.c.i.embedder.EclipseLogger - skip non existing resourceDirectory C:\Users\maxre\Documents\springcourse2\SpringDemo\src\test\resources
2024-01-18 10:37:01,109 [Worker-58: Building workspace] INFO  o.e.m.c.i.embedder.EclipseLogger - Using 'UTF-8' encoding to copy filtered resources.
2024-01-18 10:37:01,109 [Worker-58: Building workspace] INFO  o.e.m.c.i.embedder.EclipseLogger - skip non existing resourceDirectory C:\Users\maxre\Documents\springcourse2\SpringDemo\src\main\resources
2024-01-18 10:37:01,110 [Worker-58: Building workspace] INFO  o.e.m.c.i.embedder.EclipseLogger - Using 'UTF-8' encoding to copy filtered resources.
2024-01-18 10:37:01,110 [Worker-58: Building workspace] INFO  o.e.m.c.i.embedder.EclipseLogger - skip non existing resourceDirectory C:\Users\maxre\Documents\springcourse2\SpringDemo\src\test\resources
2024-01-18 10:42:32,191 [Worker-61: Building workspace] INFO  o.e.m.c.i.embedder.EclipseLogger - Using 'UTF-8' encoding to copy filtered resources.
2024-01-18 10:42:32,191 [Worker-61: Building workspace] INFO  o.e.m.c.i.embedder.EclipseLogger - skip non existing resourceDirectory C:\Users\maxre\Documents\springcourse2\SpringDemo\src\main\resources
2024-01-18 10:42:32,192 [Worker-61: Building workspace] INFO  o.e.m.c.i.embedder.EclipseLogger - Using 'UTF-8' encoding to copy filtered resources.
2024-01-18 10:42:32,192 [Worker-61: Building workspace] INFO  o.e.m.c.i.embedder.EclipseLogger - skip non existing resourceDirectory C:\Users\maxre\Documents\springcourse2\SpringDemo\src\test\resources
2024-01-18 10:42:34,835 [Worker-66: Building workspace] INFO  o.e.m.c.i.embedder.EclipseLogger - Using 'UTF-8' encoding to copy filtered resources.
2024-01-18 10:42:34,835 [Worker-66: Building workspace] INFO  o.e.m.c.i.embedder.EclipseLogger - skip non existing resourceDirectory C:\Users\maxre\Documents\springcourse2\SpringDemo\src\main\resources
2024-01-18 10:42:34,835 [Worker-66: Building workspace] INFO  o.e.m.c.i.embedder.EclipseLogger - Using 'UTF-8' encoding to copy filtered resources.
2024-01-18 10:42:34,835 [Worker-66: Building workspace] INFO  o.e.m.c.i.embedder.EclipseLogger - skip non existing resourceDirectory C:\Users\maxre\Documents\springcourse2\SpringDemo\src\test\resources
2024-01-18 10:42:36,804 [Worker-60: Building workspace] INFO  o.e.m.c.i.embedder.EclipseLogger - Using 'UTF-8' encoding to copy filtered resources.
2024-01-18 10:42:36,804 [Worker-60: Building workspace] INFO  o.e.m.c.i.embedder.EclipseLogger - skip non existing resourceDirectory C:\Users\maxre\Documents\springcourse2\SpringDemo\src\main\resources
2024-01-18 10:42:36,804 [Worker-60: Building workspace] INFO  o.e.m.c.i.embedder.EclipseLogger - Using 'UTF-8' encoding to copy filtered resources.
2024-01-18 10:42:36,804 [Worker-60: Building workspace] INFO  o.e.m.c.i.embedder.EclipseLogger - skip non existing resourceDirectory C:\Users\maxre\Documents\springcourse2\SpringDemo\src\test\resources
2024-01-18 10:43:44,870 [Worker-67: Launching App] INFO  o.e.m.c.i.embedder.EclipseLogger - Using 'UTF-8' encoding to copy filtered resources.
2024-01-18 10:43:44,870 [Worker-67: Launching App] INFO  o.e.m.c.i.embedder.EclipseLogger - skip non existing resourceDirectory C:\Users\maxre\Documents\springcourse2\SpringDemo\src\main\resources
2024-01-18 10:43:44,871 [Worker-67: Launching App] INFO  o.e.m.c.i.embedder.EclipseLogger - Using 'UTF-8' encoding to copy filtered resources.
2024-01-18 10:43:44,872 [Worker-67: Launching App] INFO  o.e.m.c.i.embedder.EclipseLogger - skip non existing resourceDirectory C:\Users\maxre\Documents\springcourse2\SpringDemo\src\test\resources
2024-01-18 12:01:02,418 [Worker-85: Launching App] INFO  o.e.m.c.i.embedder.EclipseLogger - Using 'UTF-8' encoding to copy filtered resources.
2024-01-18 12:01:02,419 [Worker-85: Launching App] INFO  o.e.m.c.i.embedder.EclipseLogger - skip non existing resourceDirectory C:\Users\maxre\Documents\springcourse2\SpringDemo\src\main\resources
2024-01-18 12:01:02,420 [Worker-85: Launching App] INFO  o.e.m.c.i.embedder.EclipseLogger - Using 'UTF-8' encoding to copy filtered resources.
2024-01-18 12:01:02,420 [Worker-85: Launching App] INFO  o.e.m.c.i.embedder.EclipseLogger - skip non existing resourceDirectory C:\Users\maxre\Documents\springcourse2\SpringDemo\src\test\resources
2024-01-18 12:02:01,892 [Worker-76: Launching App] INFO  o.e.m.c.i.embedder.EclipseLogger - Using 'UTF-8' encoding to copy filtered resources.
2024-01-18 12:02:01,892 [Worker-76: Launching App] INFO  o.e.m.c.i.embedder.EclipseLogger - skip non existing resourceDirectory C:\Users\maxre\Documents\springcourse2\SpringDemo\src\main\resources
2024-01-18 12:02:01,893 [Worker-76: Launching App] INFO  o.e.m.c.i.embedder.EclipseLogger - Using 'UTF-8' encoding to copy filtered resources.
2024-01-18 12:02:01,893 [Worker-76: Launching App] INFO  o.e.m.c.i.embedder.EclipseLogger - skip non existing resourceDirectory C:\Users\maxre\Documents\springcourse2\SpringDemo\src\test\resources
2024-01-18 12:02:26,151 [Worker-86: Launching App] INFO  o.e.m.c.i.embedder.EclipseLogger - Using 'UTF-8' encoding to copy filtered resources.
2024-01-18 12:02:26,152 [Worker-86: Launching App] INFO  o.e.m.c.i.embedder.EclipseLogger - skip non existing resourceDirectory C:\Users\maxre\Documents\springcourse2\SpringDemo\src\main\resources
2024-01-18 12:02:26,152 [Worker-86: Launching App] INFO  o.e.m.c.i.embedder.EclipseLogger - Using 'UTF-8' encoding to copy filtered resources.
2024-01-18 12:02:26,153 [Worker-86: Launching App] INFO  o.e.m.c.i.embedder.EclipseLogger - skip non existing resourceDirectory C:\Users\maxre\Documents\springcourse2\SpringDemo\src\test\resources
2024-01-18 12:02:36,085 [Worker-87: Launching App] INFO  o.e.m.c.i.embedder.EclipseLogger - Using 'UTF-8' encoding to copy filtered resources.
2024-01-18 12:02:36,085 [Worker-87: Launching App] INFO  o.e.m.c.i.embedder.EclipseLogger - skip non existing resourceDirectory C:\Users\maxre\Documents\springcourse2\SpringDemo\src\main\resources
2024-01-18 12:02:36,086 [Worker-87: Launching App] INFO  o.e.m.c.i.embedder.EclipseLogger - Using 'UTF-8' encoding to copy filtered resources.
2024-01-18 12:02:36,087 [Worker-87: Launching App] INFO  o.e.m.c.i.embedder.EclipseLogger - skip non existing resourceDirectory C:\Users\maxre\Documents\springcourse2\SpringDemo\src\test\resources
2024-01-18 12:02:48,993 [Worker-87: Launching App] INFO  o.e.m.c.i.embedder.EclipseLogger - Using 'UTF-8' encoding to copy filtered resources.
2024-01-18 12:02:48,993 [Worker-87: Launching App] INFO  o.e.m.c.i.embedder.EclipseLogger - skip non existing resourceDirectory C:\Users\maxre\Documents\springcourse2\SpringDemo\src\main\resources
2024-01-18 12:02:48,995 [Worker-87: Launching App] INFO  o.e.m.c.i.embedder.EclipseLogger - Using 'UTF-8' encoding to copy filtered resources.
2024-01-18 12:02:48,995 [Worker-87: Launching App] INFO  o.e.m.c.i.embedder.EclipseLogger - skip non existing resourceDirectory C:\Users\maxre\Documents\springcourse2\SpringDemo\src\test\resources
2024-01-18 12:02:55,260 [Worker-84: Launching App] INFO  o.e.m.c.i.embedder.EclipseLogger - Using 'UTF-8' encoding to copy filtered resources.
2024-01-18 12:02:55,260 [Worker-84: Launching App] INFO  o.e.m.c.i.embedder.EclipseLogger - skip non existing resourceDirectory C:\Users\maxre\Documents\springcourse2\SpringDemo\src\main\resources
2024-01-18 12:02:55,262 [Worker-84: Launching App] INFO  o.e.m.c.i.embedder.EclipseLogger - Using 'UTF-8' encoding to copy filtered resources.
2024-01-18 12:02:55,262 [Worker-84: Launching App] INFO  o.e.m.c.i.embedder.EclipseLogger - skip non existing resourceDirectory C:\Users\maxre\Documents\springcourse2\SpringDemo\src\test\resources
2024-01-18 12:05:28,874 [Worker-89: Launching App] INFO  o.e.m.c.i.embedder.EclipseLogger - Using 'UTF-8' encoding to copy filtered resources.
2024-01-18 12:05:28,874 [Worker-89: Launching App] INFO  o.e.m.c.i.embedder.EclipseLogger - skip non existing resourceDirectory C:\Users\maxre\Documents\springcourse2\SpringDemo\src\main\resources
2024-01-18 12:05:28,875 [Worker-89: Launching App] INFO  o.e.m.c.i.embedder.EclipseLogger - Using 'UTF-8' encoding to copy filtered resources.
2024-01-18 12:05:28,875 [Worker-89: Launching App] INFO  o.e.m.c.i.embedder.EclipseLogger - skip non existing resourceDirectory C:\Users\maxre\Documents\springcourse2\SpringDemo\src\test\resources
2024-01-18 12:07:16,650 [Worker-91: Launching App] INFO  o.e.m.c.i.embedder.EclipseLogger - Using 'UTF-8' encoding to copy filtered resources.
2024-01-18 12:07:16,651 [Worker-91: Launching App] INFO  o.e.m.c.i.embedder.EclipseLogger - skip non existing resourceDirectory C:\Users\maxre\Documents\springcourse2\SpringDemo\src\main\resources
2024-01-18 12:07:16,651 [Worker-91: Launching App] INFO  o.e.m.c.i.embedder.EclipseLogger - Using 'UTF-8' encoding to copy filtered resources.
2024-01-18 12:07:16,651 [Worker-91: Launching App] INFO  o.e.m.c.i.embedder.EclipseLogger - skip non existing resourceDirectory C:\Users\maxre\Documents\springcourse2\SpringDemo\src\test\resources
2024-01-18 12:07:25,946 [Worker-90: Launching App] INFO  o.e.m.c.i.embedder.EclipseLogger - Using 'UTF-8' encoding to copy filtered resources.
2024-01-18 12:07:25,946 [Worker-90: Launching App] INFO  o.e.m.c.i.embedder.EclipseLogger - skip non existing resourceDirectory C:\Users\maxre\Documents\springcourse2\SpringDemo\src\main\resources
2024-01-18 12:07:25,947 [Worker-90: Launching App] INFO  o.e.m.c.i.embedder.EclipseLogger - Using 'UTF-8' encoding to copy filtered resources.
2024-01-18 12:07:25,948 [Worker-90: Launching App] INFO  o.e.m.c.i.embedder.EclipseLogger - skip non existing resourceDirectory C:\Users\maxre\Documents\springcourse2\SpringDemo\src\test\resources
2024-01-18 12:08:23,697 [Worker-90: Launching App] INFO  o.e.m.c.i.embedder.EclipseLogger - Using 'UTF-8' encoding to copy filtered resources.
2024-01-18 12:08:23,697 [Worker-90: Launching App] INFO  o.e.m.c.i.embedder.EclipseLogger - skip non existing resourceDirectory C:\Users\maxre\Documents\springcourse2\SpringDemo\src\main\resources
2024-01-18 12:08:23,698 [Worker-90: Launching App] INFO  o.e.m.c.i.embedder.EclipseLogger - Using 'UTF-8' encoding to copy filtered resources.
2024-01-18 12:08:23,698 [Worker-90: Launching App] INFO  o.e.m.c.i.embedder.EclipseLogger - skip non existing resourceDirectory C:\Users\maxre\Documents\springcourse2\SpringDemo\src\test\resources
2024-01-18 12:08:58,473 [Worker-84: Launching App] INFO  o.e.m.c.i.embedder.EclipseLogger - Using 'UTF-8' encoding to copy filtered resources.
2024-01-18 12:08:58,473 [Worker-84: Launching App] INFO  o.e.m.c.i.embedder.EclipseLogger - skip non existing resourceDirectory C:\Users\maxre\Documents\springcourse2\SpringDemo\src\main\resources
2024-01-18 12:08:58,474 [Worker-84: Launching App] INFO  o.e.m.c.i.embedder.EclipseLogger - Using 'UTF-8' encoding to copy filtered resources.
2024-01-18 12:08:58,474 [Worker-84: Launching App] INFO  o.e.m.c.i.embedder.EclipseLogger - skip non existing resourceDirectory C:\Users\maxre\Documents\springcourse2\SpringDemo\src\test\resources
2024-01-18 12:10:18,885 [Worker-84: Building workspace] INFO  o.e.m.c.i.embedder.EclipseLogger - Using 'UTF-8' encoding to copy filtered resources.
2024-01-18 12:10:18,885 [Worker-84: Building workspace] INFO  o.e.m.c.i.embedder.EclipseLogger - skip non existing resourceDirectory C:\Users\maxre\Documents\springcourse2\SpringDemo\src\main\resources
2024-01-18 12:10:18,886 [Worker-84: Building workspace] INFO  o.e.m.c.i.embedder.EclipseLogger - Using 'UTF-8' encoding to copy filtered resources.
2024-01-18 12:10:18,887 [Worker-84: Building workspace] INFO  o.e.m.c.i.embedder.EclipseLogger - skip non existing resourceDirectory C:\Users\maxre\Documents\springcourse2\SpringDemo\src\test\resources
2024-01-18 14:03:45,039 [Worker-119: Building Workspace] INFO  o.e.m.c.i.embedder.EclipseLogger - Using 'UTF-8' encoding to copy filtered resources.
2024-01-18 14:03:45,040 [Worker-119: Building Workspace] INFO  o.e.m.c.i.embedder.EclipseLogger - skip non existing resourceDirectory C:\Users\maxre\Documents\springcourse2\SpringDemo\src\main\resources
2024-01-18 14:03:45,041 [Worker-119: Building Workspace] INFO  o.e.m.c.i.embedder.EclipseLogger - Using 'UTF-8' encoding to copy filtered resources.
2024-01-18 14:03:45,041 [Worker-119: Building Workspace] INFO  o.e.m.c.i.embedder.EclipseLogger - skip non existing resourceDirectory C:\Users\maxre\Documents\springcourse2\SpringDemo\src\test\resources
2024-01-18 14:03:54,353 [Worker-119: Building workspace] INFO  o.e.m.c.i.embedder.EclipseLogger - Using 'UTF-8' encoding to copy filtered resources.
2024-01-18 14:03:54,353 [Worker-119: Building workspace] INFO  o.e.m.c.i.embedder.EclipseLogger - skip non existing resourceDirectory C:\Users\maxre\Documents\springcourse2\SpringDemo\src\main\resources
2024-01-18 14:03:54,353 [Worker-119: Building workspace] INFO  o.e.m.c.i.embedder.EclipseLogger - Using 'UTF-8' encoding to copy filtered resources.
2024-01-18 14:03:54,354 [Worker-119: Building workspace] INFO  o.e.m.c.i.embedder.EclipseLogger - skip non existing resourceDirectory C:\Users\maxre\Documents\springcourse2\SpringDemo\src\test\resources
2024-01-18 14:06:41,051 [Worker-119: Launching App] INFO  o.e.m.c.i.embedder.EclipseLogger - Using 'UTF-8' encoding to copy filtered resources.
2024-01-18 14:06:41,051 [Worker-119: Launching App] INFO  o.e.m.c.i.embedder.EclipseLogger - skip non existing resourceDirectory C:\Users\maxre\Documents\springcourse2\SpringDemo\src\main\resources
2024-01-18 14:06:41,051 [Worker-119: Launching App] INFO  o.e.m.c.i.embedder.EclipseLogger - Using 'UTF-8' encoding to copy filtered resources.
2024-01-18 14:06:41,051 [Worker-119: Launching App] INFO  o.e.m.c.i.embedder.EclipseLogger - skip non existing resourceDirectory C:\Users\maxre\Documents\springcourse2\SpringDemo\src\test\resources
2024-01-18 14:07:09,993 [Worker-113: Launching App] INFO  o.e.m.c.i.embedder.EclipseLogger - Using 'UTF-8' encoding to copy filtered resources.
2024-01-18 14:07:09,993 [Worker-113: Launching App] INFO  o.e.m.c.i.embedder.EclipseLogger - skip non existing resourceDirectory C:\Users\maxre\Documents\springcourse2\SpringDemo\src\main\resources
2024-01-18 14:07:09,994 [Worker-113: Launching App] INFO  o.e.m.c.i.embedder.EclipseLogger - Using 'UTF-8' encoding to copy filtered resources.
2024-01-18 14:07:09,994 [Worker-113: Launching App] INFO  o.e.m.c.i.embedder.EclipseLogger - skip non existing resourceDirectory C:\Users\maxre\Documents\springcourse2\SpringDemo\src\test\resources
2024-01-18 14:07:47,466 [Worker-117: Launching App] INFO  o.e.m.c.i.embedder.EclipseLogger - Using 'UTF-8' encoding to copy filtered resources.
2024-01-18 14:07:47,466 [Worker-117: Launching App] INFO  o.e.m.c.i.embedder.EclipseLogger - skip non existing resourceDirectory C:\Users\maxre\Documents\springcourse2\SpringDemo\src\main\resources
2024-01-18 14:07:47,467 [Worker-117: Launching App] INFO  o.e.m.c.i.embedder.EclipseLogger - Using 'UTF-8' encoding to copy filtered resources.
2024-01-18 14:07:47,468 [Worker-117: Launching App] INFO  o.e.m.c.i.embedder.EclipseLogger - skip non existing resourceDirectory C:\Users\maxre\Documents\springcourse2\SpringDemo\src\test\resources
2024-01-18 14:08:45,472 [Worker-120: Launching App] INFO  o.e.m.c.i.embedder.EclipseLogger - Using 'UTF-8' encoding to copy filtered resources.
2024-01-18 14:08:45,472 [Worker-120: Launching App] INFO  o.e.m.c.i.embedder.EclipseLogger - skip non existing resourceDirectory C:\Users\maxre\Documents\springcourse2\SpringDemo\src\main\resources
2024-01-18 14:08:45,473 [Worker-120: Launching App] INFO  o.e.m.c.i.embedder.EclipseLogger - Using 'UTF-8' encoding to copy filtered resources.
2024-01-18 14:08:45,474 [Worker-120: Launching App] INFO  o.e.m.c.i.embedder.EclipseLogger - skip non existing resourceDirectory C:\Users\maxre\Documents\springcourse2\SpringDemo\src\test\resources
2024-01-18 14:08:55,543 [Worker-117: Launching App] INFO  o.e.m.c.i.embedder.EclipseLogger - Using 'UTF-8' encoding to copy filtered resources.
2024-01-18 14:08:55,543 [Worker-117: Launching App] INFO  o.e.m.c.i.embedder.EclipseLogger - skip non existing resourceDirectory C:\Users\maxre\Documents\springcourse2\SpringDemo\src\main\resources
2024-01-18 14:08:55,544 [Worker-117: Launching App] INFO  o.e.m.c.i.embedder.EclipseLogger - Using 'UTF-8' encoding to copy filtered resources.
2024-01-18 14:08:55,544 [Worker-117: Launching App] INFO  o.e.m.c.i.embedder.EclipseLogger - skip non existing resourceDirectory C:\Users\maxre\Documents\springcourse2\SpringDemo\src\test\resources
2024-01-18 14:15:01,614 [Worker-120: Launching App] INFO  o.e.m.c.i.embedder.EclipseLogger - Using 'UTF-8' encoding to copy filtered resources.
2024-01-18 14:15:01,615 [Worker-120: Launching App] INFO  o.e.m.c.i.embedder.EclipseLogger - skip non existing resourceDirectory C:\Users\maxre\Documents\springcourse2\SpringDemo\src\main\resources
2024-01-18 14:15:01,615 [Worker-120: Launching App] INFO  o.e.m.c.i.embedder.EclipseLogger - Using 'UTF-8' encoding to copy filtered resources.
2024-01-18 14:15:01,615 [Worker-120: Launching App] INFO  o.e.m.c.i.embedder.EclipseLogger - skip non existing resourceDirectory C:\Users\maxre\Documents\springcourse2\SpringDemo\src\test\resources
2024-01-18 14:15:14,089 [Worker-123: Launching App] INFO  o.e.m.c.i.embedder.EclipseLogger - Using 'UTF-8' encoding to copy filtered resources.
2024-01-18 14:15:14,089 [Worker-123: Launching App] INFO  o.e.m.c.i.embedder.EclipseLogger - skip non existing resourceDirectory C:\Users\maxre\Documents\springcourse2\SpringDemo\src\main\resources
2024-01-18 14:15:14,090 [Worker-123: Launching App] INFO  o.e.m.c.i.embedder.EclipseLogger - Using 'UTF-8' encoding to copy filtered resources.
2024-01-18 14:15:14,090 [Worker-123: Launching App] INFO  o.e.m.c.i.embedder.EclipseLogger - skip non existing resourceDirectory C:\Users\maxre\Documents\springcourse2\SpringDemo\src\test\resources
2024-01-18 14:19:03,379 [Worker-125: Launching App] INFO  o.e.m.c.i.embedder.EclipseLogger - Using 'UTF-8' encoding to copy filtered resources.
2024-01-18 14:19:03,379 [Worker-125: Launching App] INFO  o.e.m.c.i.embedder.EclipseLogger - skip non existing resourceDirectory C:\Users\maxre\Documents\springcourse2\SpringDemo\src\main\resources
2024-01-18 14:19:03,379 [Worker-125: Launching App] INFO  o.e.m.c.i.embedder.EclipseLogger - Using 'UTF-8' encoding to copy filtered resources.
2024-01-18 14:19:03,379 [Worker-125: Launching App] INFO  o.e.m.c.i.embedder.EclipseLogger - skip non existing resourceDirectory C:\Users\maxre\Documents\springcourse2\SpringDemo\src\test\resources
2024-01-18 14:19:11,548 [Worker-126: Launching App] INFO  o.e.m.c.i.embedder.EclipseLogger - Using 'UTF-8' encoding to copy filtered resources.
2024-01-18 14:19:11,548 [Worker-126: Launching App] INFO  o.e.m.c.i.embedder.EclipseLogger - skip non existing resourceDirectory C:\Users\maxre\Documents\springcourse2\SpringDemo\src\main\resources
2024-01-18 14:19:11,549 [Worker-126: Launching App] INFO  o.e.m.c.i.embedder.EclipseLogger - Using 'UTF-8' encoding to copy filtered resources.
2024-01-18 14:19:11,549 [Worker-126: Launching App] INFO  o.e.m.c.i.embedder.EclipseLogger - skip non existing resourceDirectory C:\Users\maxre\Documents\springcourse2\SpringDemo\src\test\resources
2024-01-18 14:19:17,521 [Worker-124: Launching App] INFO  o.e.m.c.i.embedder.EclipseLogger - Using 'UTF-8' encoding to copy filtered resources.
2024-01-18 14:19:17,521 [Worker-124: Launching App] INFO  o.e.m.c.i.embedder.EclipseLogger - skip non existing resourceDirectory C:\Users\maxre\Documents\springcourse2\SpringDemo\src\main\resources
2024-01-18 14:19:17,521 [Worker-124: Launching App] INFO  o.e.m.c.i.embedder.EclipseLogger - Using 'UTF-8' encoding to copy filtered resources.
2024-01-18 14:19:17,522 [Worker-124: Launching App] INFO  o.e.m.c.i.embedder.EclipseLogger - skip non existing resourceDirectory C:\Users\maxre\Documents\springcourse2\SpringDemo\src\test\resources
2024-01-19 09:14:49,657 [Worker-6: Loading available Gradle versions] INFO  o.e.b.c.i.u.g.PublishedGradleVersions - Gradle version information cache is out-of-date. Trying to update.
2024-01-19 10:14:11,398 [Worker-21: Import Getting Started Content] INFO  o.e.m.c.i.p.ProjectConfigurationManager - Imported and configured 1 project(s) in 0 sec
2024-01-19 10:14:11,402 [Worker-21: Import Getting Started Content] INFO  o.e.m.c.i.p.ProjectConfigurationManager - Update started
2024-01-19 10:14:11,413 [Worker-21: Import Getting Started Content] INFO  o.e.m.c.i.p.ProjectConfigurationManager - Update completed: 0 sec
2024-01-19 10:14:46,424 [Worker-29: Building workspace] INFO  o.e.m.c.i.embedder.EclipseLogger - Using 'UTF-8' encoding to copy filtered resources.
2024-01-19 10:14:46,424 [Worker-29: Building workspace] INFO  o.e.m.c.i.embedder.EclipseLogger - skip non existing resourceDirectory C:\Users\maxre\Documents\springcourse2\SpringDemo\src\main\resources
2024-01-19 10:14:46,425 [Worker-29: Building workspace] INFO  o.e.m.c.i.embedder.EclipseLogger - Using 'UTF-8' encoding to copy filtered resources.
2024-01-19 10:14:46,425 [Worker-29: Building workspace] INFO  o.e.m.c.i.embedder.EclipseLogger - skip non existing resourceDirectory C:\Users\maxre\Documents\springcourse2\SpringDemo\src\test\resources
2024-01-19 10:15:39,068 [Worker-28: Import Getting Started Content] INFO  o.e.m.c.i.p.ProjectConfigurationManager - Imported and configured 1 project(s) in 0 sec
2024-01-19 10:15:39,069 [Worker-28: Import Getting Started Content] INFO  o.e.m.c.i.p.ProjectConfigurationManager - Update started
2024-01-19 10:15:39,081 [Worker-28: Import Getting Started Content] INFO  o.e.m.c.i.p.ProjectConfigurationManager - Update completed: 0 sec
2024-01-19 10:15:59,227 [Worker-28: Building workspace] INFO  o.e.m.c.i.embedder.EclipseLogger - Using 'UTF-8' encoding to copy filtered resources.
2024-01-19 10:15:59,227 [Worker-28: Building workspace] INFO  o.e.m.c.i.embedder.EclipseLogger - skip non existing resourceDirectory C:\Users\maxre\Documents\springcourse2\SpringDemo\src\main\resources
2024-01-19 10:15:59,228 [Worker-28: Building workspace] INFO  o.e.m.c.i.embedder.EclipseLogger - Using 'UTF-8' encoding to copy filtered resources.
2024-01-19 10:15:59,228 [Worker-28: Building workspace] INFO  o.e.m.c.i.embedder.EclipseLogger - skip non existing resourceDirectory C:\Users\maxre\Documents\springcourse2\SpringDemo\src\test\resources
2024-01-19 10:16:19,266 [Worker-26: Import Getting Started Content] INFO  o.e.m.c.i.p.ProjectConfigurationManager - Imported and configured 1 project(s) in 0 sec
2024-01-19 10:16:19,267 [Worker-26: Import Getting Started Content] INFO  o.e.m.c.i.p.ProjectConfigurationManager - Update started
2024-01-19 10:16:19,276 [Worker-26: Import Getting Started Content] INFO  o.e.m.c.i.p.ProjectConfigurationManager - Update completed: 0 sec
2024-01-19 10:16:31,070 [Worker-32: Building workspace] INFO  o.e.m.c.i.embedder.EclipseLogger - Using 'UTF-8' encoding to copy filtered resources.
2024-01-19 10:16:31,071 [Worker-32: Building workspace] INFO  o.e.m.c.i.embedder.EclipseLogger - skip non existing resourceDirectory C:\Users\maxre\Documents\springcourse2\SpringDemo\src\main\resources
2024-01-19 10:16:31,071 [Worker-32: Building workspace] INFO  o.e.m.c.i.embedder.EclipseLogger - Using 'UTF-8' encoding to copy filtered resources.
2024-01-19 10:16:31,072 [Worker-32: Building workspace] INFO  o.e.m.c.i.embedder.EclipseLogger - skip non existing resourceDirectory C:\Users\maxre\Documents\springcourse2\SpringDemo\src\test\resources
2024-01-19 10:16:53,636 [Worker-29: Import Getting Started Content] INFO  o.e.m.c.i.p.ProjectConfigurationManager - Imported and configured 1 project(s) in 0 sec
2024-01-19 10:16:53,638 [Worker-29: Import Getting Started Content] INFO  o.e.m.c.i.p.ProjectConfigurationManager - Update started
2024-01-19 10:16:53,646 [Worker-29: Import Getting Started Content] INFO  o.e.m.c.i.p.ProjectConfigurationManager - Update completed: 0 sec
2024-01-19 10:17:58,249 [Worker-30: Import Getting Started Content] INFO  o.e.m.c.i.p.ProjectConfigurationManager - Imported and configured 1 project(s) in 0 sec
2024-01-19 10:17:58,250 [Worker-30: Import Getting Started Content] INFO  o.e.m.c.i.p.ProjectConfigurationManager - Update started
2024-01-19 10:17:58,260 [Worker-30: Import Getting Started Content] INFO  o.e.m.c.i.p.ProjectConfigurationManager - Update completed: 0 sec
2024-01-19 10:18:09,642 [Worker-31: reload maven project] ERROR o.e.m.c.i.p.r.ProjectRegistryManager - Failed to read Maven project: 1 problem was encountered while building the effective model for com.telusko:springmvcboot:0.0.1-SNAPSHOT
[FATAL] Non-resolvable parent POM for com.telusko:springmvcboot:0.0.1-SNAPSHOT: Failure to find org.springframework.boot:spring-boot-starter-parent:pom:3.2.1.RELEASE in https://repo.maven.apache.org/maven2 was cached in the local repository, resolution will not be reattempted until the update interval of central has elapsed or updates are forced and 'parent.relativePath' points at no local POM @ line 5, column 10
 for project com.telusko:springmvcboot:0.0.1-SNAPSHOT at C:\Users\maxre\Documents\springcourse2\springmvcboot\pom.xml
org.apache.maven.project.ProjectBuildingException: 1 problem was encountered while building the effective model for com.telusko:springmvcboot:0.0.1-SNAPSHOT
[FATAL] Non-resolvable parent POM for com.telusko:springmvcboot:0.0.1-SNAPSHOT: Failure to find org.springframework.boot:spring-boot-starter-parent:pom:3.2.1.RELEASE in https://repo.maven.apache.org/maven2 was cached in the local repository, resolution will not be reattempted until the update interval of central has elapsed or updates are forced and 'parent.relativePath' points at no local POM @ line 5, column 10
 for project com.telusko:springmvcboot:0.0.1-SNAPSHOT at C:\Users\maxre\Documents\springcourse2\springmvcboot\pom.xml
	at org.apache.maven.project.DefaultProjectBuilder.build(DefaultProjectBuilder.java:165) ~[na:na]
	at org.apache.maven.project.DefaultProjectBuilder.build(DefaultProjectBuilder.java:116) ~[na:na]
	at org.eclipse.m2e.core.internal.embedder.MavenImpl.readMavenProject(MavenImpl.java:628) ~[na:na]
	at org.eclipse.m2e.core.internal.project.registry.ProjectRegistryManager.lambda$3(ProjectRegistryManager.java:808) ~[na:na]
	at org.eclipse.m2e.core.internal.embedder.MavenExecutionContext.executeBare(MavenExecutionContext.java:177) ~[na:na]
	at org.eclipse.m2e.core.internal.embedder.MavenExecutionContext.execute(MavenExecutionContext.java:151) ~[na:na]
	at org.eclipse.m2e.core.internal.embedder.MavenExecutionContext.execute(MavenExecutionContext.java:99) ~[na:na]
	at org.eclipse.m2e.core.internal.project.registry.ProjectRegistryManager.execute(ProjectRegistryManager.java:958) ~[na:na]
	at org.eclipse.m2e.core.internal.project.registry.ProjectRegistryManager.readProjectWithDependencies(ProjectRegistryManager.java:805) ~[na:na]
	at org.eclipse.m2e.core.internal.project.registry.ProjectRegistryManager.create(ProjectRegistryManager.java:192) ~[na:na]
	at org.eclipse.m2e.core.internal.project.registry.MavenProjectManager.create(MavenProjectManager.java:80) ~[na:na]
	at org.eclipse.m2e.core.ui.internal.actions.SelectionUtil.getMavenProject(SelectionUtil.java:259) ~[org.eclipse.m2e.core.ui_1.10.0.20181127-2120.jar:na]
	at org.eclipse.m2e.editor.pom.MavenPomEditor.readMavenProject(MavenPomEditor.java:740) ~[na:na]
	at org.eclipse.m2e.editor.pom.MavenPomEditor$5.run(MavenPomEditor.java:1074) ~[na:na]
	at org.eclipse.core.internal.jobs.Worker.run(Worker.java:63) ~[org.eclipse.core.jobs_3.10.200.v20180912-1356.jar:na]
Caused by: org.apache.maven.model.building.ModelBuildingException: 1 problem was encountered while building the effective model for com.telusko:springmvcboot:0.0.1-SNAPSHOT
[FATAL] Non-resolvable parent POM for com.telusko:springmvcboot:0.0.1-SNAPSHOT: Failure to find org.springframework.boot:spring-boot-starter-parent:pom:3.2.1.RELEASE in https://repo.maven.apache.org/maven2 was cached in the local repository, resolution will not be reattempted until the update interval of central has elapsed or updates are forced and 'parent.relativePath' points at no local POM @ line 5, column 10

	at org.apache.maven.model.building.DefaultModelProblemCollector.newModelBuildingException(DefaultModelProblemCollector.java:197) ~[na:na]
	at org.apache.maven.model.building.DefaultModelBuilder.readParentExternally(DefaultModelBuilder.java:1082) ~[na:na]
	at org.apache.maven.model.building.DefaultModelBuilder.readParent(DefaultModelBuilder.java:830) ~[na:na]
	at org.apache.maven.model.building.DefaultModelBuilder.build(DefaultModelBuilder.java:332) ~[na:na]
	at org.apache.maven.project.DefaultProjectBuilder.build(DefaultProjectBuilder.java:158) ~[na:na]
	... 14 common frames omitted
2024-01-19 10:19:09,818 [Worker-34: Building workspace] INFO  o.e.m.c.i.embedder.EclipseLogger - Using 'UTF-8' encoding to copy filtered resources.
2024-01-19 10:19:09,818 [Worker-34: Building workspace] INFO  o.e.m.c.i.embedder.EclipseLogger - skip non existing resourceDirectory C:\Users\maxre\Documents\springcourse2\SpringDemo\src\main\resources
2024-01-19 10:19:09,819 [Worker-34: Building workspace] INFO  o.e.m.c.i.embedder.EclipseLogger - Using 'UTF-8' encoding to copy filtered resources.
2024-01-19 10:19:09,819 [Worker-34: Building workspace] INFO  o.e.m.c.i.embedder.EclipseLogger - skip non existing resourceDirectory C:\Users\maxre\Documents\springcourse2\SpringDemo\src\test\resources
2024-01-19 10:19:29,554 [Worker-33: reload maven project] ERROR o.e.m.c.i.p.r.ProjectRegistryManager - Failed to read Maven project: 1 problem was encountered while building the effective model for com.telusko:springmvcboot:0.0.1-SNAPSHOT
[FATAL] Non-resolvable parent POM for com.telusko:springmvcboot:0.0.1-SNAPSHOT: Failure to find org.springframework.boot:spring-boot-starter-parent:pom:3.2.1.RELEASE in https://repo.maven.apache.org/maven2 was cached in the local repository, resolution will not be reattempted until the update interval of central has elapsed or updates are forced and 'parent.relativePath' points at no local POM @ line 5, column 10
 for project com.telusko:springmvcboot:0.0.1-SNAPSHOT at C:\Users\maxre\Documents\springcourse2\springmvcboot\pom.xml
org.apache.maven.project.ProjectBuildingException: 1 problem was encountered while building the effective model for com.telusko:springmvcboot:0.0.1-SNAPSHOT
[FATAL] Non-resolvable parent POM for com.telusko:springmvcboot:0.0.1-SNAPSHOT: Failure to find org.springframework.boot:spring-boot-starter-parent:pom:3.2.1.RELEASE in https://repo.maven.apache.org/maven2 was cached in the local repository, resolution will not be reattempted until the update interval of central has elapsed or updates are forced and 'parent.relativePath' points at no local POM @ line 5, column 10
 for project com.telusko:springmvcboot:0.0.1-SNAPSHOT at C:\Users\maxre\Documents\springcourse2\springmvcboot\pom.xml
	at org.apache.maven.project.DefaultProjectBuilder.build(DefaultProjectBuilder.java:165) ~[na:na]
	at org.apache.maven.project.DefaultProjectBuilder.build(DefaultProjectBuilder.java:116) ~[na:na]
	at org.eclipse.m2e.core.internal.embedder.MavenImpl.readMavenProject(MavenImpl.java:628) ~[na:na]
	at org.eclipse.m2e.core.internal.project.registry.ProjectRegistryManager.lambda$3(ProjectRegistryManager.java:808) ~[na:na]
	at org.eclipse.m2e.core.internal.embedder.MavenExecutionContext.executeBare(MavenExecutionContext.java:177) ~[na:na]
	at org.eclipse.m2e.core.internal.embedder.MavenExecutionContext.execute(MavenExecutionContext.java:151) ~[na:na]
	at org.eclipse.m2e.core.internal.embedder.MavenExecutionContext.execute(MavenExecutionContext.java:99) ~[na:na]
	at org.eclipse.m2e.core.internal.project.registry.ProjectRegistryManager.execute(ProjectRegistryManager.java:958) ~[na:na]
	at org.eclipse.m2e.core.internal.project.registry.ProjectRegistryManager.readProjectWithDependencies(ProjectRegistryManager.java:805) ~[na:na]
	at org.eclipse.m2e.core.internal.project.registry.ProjectRegistryManager.create(ProjectRegistryManager.java:192) ~[na:na]
	at org.eclipse.m2e.core.internal.project.registry.MavenProjectManager.create(MavenProjectManager.java:80) ~[na:na]
	at org.eclipse.m2e.core.ui.internal.actions.SelectionUtil.getMavenProject(SelectionUtil.java:259) ~[org.eclipse.m2e.core.ui_1.10.0.20181127-2120.jar:na]
	at org.eclipse.m2e.editor.pom.MavenPomEditor.readMavenProject(MavenPomEditor.java:740) ~[na:na]
	at org.eclipse.m2e.editor.pom.MavenPomEditor$5.run(MavenPomEditor.java:1074) ~[na:na]
	at org.eclipse.core.internal.jobs.Worker.run(Worker.java:63) ~[org.eclipse.core.jobs_3.10.200.v20180912-1356.jar:na]
Caused by: org.apache.maven.model.building.ModelBuildingException: 1 problem was encountered while building the effective model for com.telusko:springmvcboot:0.0.1-SNAPSHOT
[FATAL] Non-resolvable parent POM for com.telusko:springmvcboot:0.0.1-SNAPSHOT: Failure to find org.springframework.boot:spring-boot-starter-parent:pom:3.2.1.RELEASE in https://repo.maven.apache.org/maven2 was cached in the local repository, resolution will not be reattempted until the update interval of central has elapsed or updates are forced and 'parent.relativePath' points at no local POM @ line 5, column 10

	at org.apache.maven.model.building.DefaultModelProblemCollector.newModelBuildingException(DefaultModelProblemCollector.java:197) ~[na:na]
	at org.apache.maven.model.building.DefaultModelBuilder.readParentExternally(DefaultModelBuilder.java:1082) ~[na:na]
	at org.apache.maven.model.building.DefaultModelBuilder.readParent(DefaultModelBuilder.java:830) ~[na:na]
	at org.apache.maven.model.building.DefaultModelBuilder.build(DefaultModelBuilder.java:332) ~[na:na]
	at org.apache.maven.project.DefaultProjectBuilder.build(DefaultProjectBuilder.java:158) ~[na:na]
	... 14 common frames omitted
2024-01-19 10:23:18,756 [Worker-3: Loading available Gradle versions] INFO  o.e.b.c.i.u.g.PublishedGradleVersions - Gradle version information cache is up-to-date. Trying to read.
2024-01-19 10:23:40,840 [Worker-1: Import Getting Started Content] INFO  o.e.m.c.i.p.ProjectConfigurationManager - Imported and configured 1 project(s) in 0 sec
2024-01-19 10:23:40,843 [Worker-1: Import Getting Started Content] INFO  o.e.m.c.i.p.ProjectConfigurationManager - Update started
2024-01-19 10:23:40,858 [Worker-1: Import Getting Started Content] INFO  o.e.m.c.i.p.ProjectConfigurationManager - Update completed: 0 sec
2024-01-19 10:23:43,710 [Worker-0: reload maven project] ERROR o.e.m.c.i.p.r.ProjectRegistryManager - Failed to read Maven project: 1 problem was encountered while building the effective model for com.telusko:springmvcboot:0.0.1-SNAPSHOT
[FATAL] Non-resolvable parent POM for com.telusko:springmvcboot:0.0.1-SNAPSHOT: Failure to find org.springframework.boot:spring-boot-starter-parent:pom:3.2.1.RELEASE in https://repo.maven.apache.org/maven2 was cached in the local repository, resolution will not be reattempted until the update interval of central has elapsed or updates are forced and 'parent.relativePath' points at no local POM @ line 5, column 10
 for project com.telusko:springmvcboot:0.0.1-SNAPSHOT at C:\Users\maxre\Documents\springcourse2\springmvcboot\pom.xml
org.apache.maven.project.ProjectBuildingException: 1 problem was encountered while building the effective model for com.telusko:springmvcboot:0.0.1-SNAPSHOT
[FATAL] Non-resolvable parent POM for com.telusko:springmvcboot:0.0.1-SNAPSHOT: Failure to find org.springframework.boot:spring-boot-starter-parent:pom:3.2.1.RELEASE in https://repo.maven.apache.org/maven2 was cached in the local repository, resolution will not be reattempted until the update interval of central has elapsed or updates are forced and 'parent.relativePath' points at no local POM @ line 5, column 10
 for project com.telusko:springmvcboot:0.0.1-SNAPSHOT at C:\Users\maxre\Documents\springcourse2\springmvcboot\pom.xml
	at org.apache.maven.project.DefaultProjectBuilder.build(DefaultProjectBuilder.java:165) ~[maven-core-3.5.3.jar:3.5.3]
	at org.apache.maven.project.DefaultProjectBuilder.build(DefaultProjectBuilder.java:116) ~[maven-core-3.5.3.jar:3.5.3]
	at org.eclipse.m2e.core.internal.embedder.MavenImpl.readMavenProject(MavenImpl.java:628) ~[org.eclipse.m2e.core_1.10.0.20181127-2120.jar:na]
	at org.eclipse.m2e.core.internal.project.registry.ProjectRegistryManager.lambda$3(ProjectRegistryManager.java:808) ~[org.eclipse.m2e.core_1.10.0.20181127-2120.jar:na]
	at org.eclipse.m2e.core.internal.embedder.MavenExecutionContext.executeBare(MavenExecutionContext.java:177) ~[org.eclipse.m2e.core_1.10.0.20181127-2120.jar:na]
	at org.eclipse.m2e.core.internal.embedder.MavenExecutionContext.execute(MavenExecutionContext.java:151) ~[org.eclipse.m2e.core_1.10.0.20181127-2120.jar:na]
	at org.eclipse.m2e.core.internal.embedder.MavenExecutionContext.execute(MavenExecutionContext.java:99) ~[org.eclipse.m2e.core_1.10.0.20181127-2120.jar:na]
	at org.eclipse.m2e.core.internal.project.registry.ProjectRegistryManager.execute(ProjectRegistryManager.java:958) ~[org.eclipse.m2e.core_1.10.0.20181127-2120.jar:na]
	at org.eclipse.m2e.core.internal.project.registry.ProjectRegistryManager.readProjectWithDependencies(ProjectRegistryManager.java:805) ~[org.eclipse.m2e.core_1.10.0.20181127-2120.jar:na]
	at org.eclipse.m2e.core.internal.project.registry.ProjectRegistryManager.create(ProjectRegistryManager.java:192) ~[org.eclipse.m2e.core_1.10.0.20181127-2120.jar:na]
	at org.eclipse.m2e.core.internal.project.registry.MavenProjectManager.create(MavenProjectManager.java:80) [org.eclipse.m2e.core_1.10.0.20181127-2120.jar:na]
	at org.eclipse.m2e.core.ui.internal.actions.SelectionUtil.getMavenProject(SelectionUtil.java:259) [org.eclipse.m2e.core.ui_1.10.0.20181127-2120.jar:na]
	at org.eclipse.m2e.editor.pom.MavenPomEditor.readMavenProject(MavenPomEditor.java:740) [org.eclipse.m2e.editor_1.10.0.20181127-2120.jar:na]
	at org.eclipse.m2e.editor.pom.MavenPomEditor$5.run(MavenPomEditor.java:1074) [org.eclipse.m2e.editor_1.10.0.20181127-2120.jar:na]
	at org.eclipse.core.internal.jobs.Worker.run(Worker.java:63) [org.eclipse.core.jobs_3.10.200.v20180912-1356.jar:na]
Caused by: org.apache.maven.model.building.ModelBuildingException: 1 problem was encountered while building the effective model for com.telusko:springmvcboot:0.0.1-SNAPSHOT
[FATAL] Non-resolvable parent POM for com.telusko:springmvcboot:0.0.1-SNAPSHOT: Failure to find org.springframework.boot:spring-boot-starter-parent:pom:3.2.1.RELEASE in https://repo.maven.apache.org/maven2 was cached in the local repository, resolution will not be reattempted until the update interval of central has elapsed or updates are forced and 'parent.relativePath' points at no local POM @ line 5, column 10

	at org.apache.maven.model.building.DefaultModelProblemCollector.newModelBuildingException(DefaultModelProblemCollector.java:197) ~[maven-model-builder-3.5.3.jar:3.5.3]
	at org.apache.maven.model.building.DefaultModelBuilder.readParentExternally(DefaultModelBuilder.java:1082) ~[maven-model-builder-3.5.3.jar:3.5.3]
	at org.apache.maven.model.building.DefaultModelBuilder.readParent(DefaultModelBuilder.java:830) ~[maven-model-builder-3.5.3.jar:3.5.3]
	at org.apache.maven.model.building.DefaultModelBuilder.build(DefaultModelBuilder.java:332) ~[maven-model-builder-3.5.3.jar:3.5.3]
	at org.apache.maven.project.DefaultProjectBuilder.build(DefaultProjectBuilder.java:158) ~[maven-core-3.5.3.jar:3.5.3]
	... 14 common frames omitted
2024-01-19 10:30:08,345 [Worker-4: Loading available Gradle versions] INFO  o.e.b.c.i.u.g.PublishedGradleVersions - Gradle version information cache is up-to-date. Trying to read.
2024-01-19 10:48:58,239 [Worker-0: Loading available Gradle versions] INFO  o.e.b.c.i.u.g.PublishedGradleVersions - Gradle version information cache is up-to-date. Trying to read.
2024-01-19 10:50:50,459 [Worker-6: Building workspace] INFO  o.e.m.c.i.embedder.EclipseLogger - Using 'UTF-8' encoding to copy filtered resources.
2024-01-19 10:50:50,539 [Worker-6: Building workspace] INFO  o.e.m.c.i.embedder.EclipseLogger - skip non existing resourceDirectory C:\Users\maxre\Documents\springcourse2\SpringDemo\src\main\resources
2024-01-19 10:50:50,541 [Worker-6: Building workspace] INFO  o.e.m.c.i.embedder.EclipseLogger - Using 'UTF-8' encoding to copy filtered resources.
2024-01-19 10:50:50,541 [Worker-6: Building workspace] INFO  o.e.m.c.i.embedder.EclipseLogger - skip non existing resourceDirectory C:\Users\maxre\Documents\springcourse2\SpringDemo\src\test\resources
2024-01-19 10:51:24,019 [Worker-5: Import Getting Started Content] INFO  o.e.m.c.i.p.ProjectConfigurationManager - Imported and configured 1 project(s) in 0 sec
2024-01-19 10:51:24,184 [Worker-5: Import Getting Started Content] INFO  o.e.m.c.i.p.ProjectConfigurationManager - Update started
2024-01-19 10:51:24,198 [Worker-5: Import Getting Started Content] INFO  o.e.m.c.i.p.ProjectConfigurationManager - Update completed: 0 sec
2024-01-19 10:58:00,802 [Worker-12: Import Getting Started Content] INFO  o.e.m.c.i.p.ProjectConfigurationManager - Imported and configured 1 project(s) in 0 sec
2024-01-19 10:58:00,802 [Worker-12: Import Getting Started Content] INFO  o.e.m.c.i.p.ProjectConfigurationManager - Update started
2024-01-19 10:58:00,813 [Worker-12: Import Getting Started Content] INFO  o.e.m.c.i.p.ProjectConfigurationManager - Update completed: 0 sec
2024-01-19 10:58:02,283 [Worker-13: reload maven project] ERROR o.e.m.c.i.p.r.ProjectRegistryManager - Failed to read Maven project: 1 problem was encountered while building the effective model for com.telusko:springmvcboot1:0.0.1-SNAPSHOT
[FATAL] Non-resolvable parent POM for com.telusko:springmvcboot1:0.0.1-SNAPSHOT: Failure to find org.springframework.boot:spring-boot-starter-parent:pom:3.2.1.RELEASE in https://repo.maven.apache.org/maven2 was cached in the local repository, resolution will not be reattempted until the update interval of central has elapsed or updates are forced and 'parent.relativePath' points at no local POM @ line 5, column 10
 for project com.telusko:springmvcboot1:0.0.1-SNAPSHOT at C:\Users\maxre\Documents\springcourse2\springmvcboot1\pom.xml
org.apache.maven.project.ProjectBuildingException: 1 problem was encountered while building the effective model for com.telusko:springmvcboot1:0.0.1-SNAPSHOT
[FATAL] Non-resolvable parent POM for com.telusko:springmvcboot1:0.0.1-SNAPSHOT: Failure to find org.springframework.boot:spring-boot-starter-parent:pom:3.2.1.RELEASE in https://repo.maven.apache.org/maven2 was cached in the local repository, resolution will not be reattempted until the update interval of central has elapsed or updates are forced and 'parent.relativePath' points at no local POM @ line 5, column 10
 for project com.telusko:springmvcboot1:0.0.1-SNAPSHOT at C:\Users\maxre\Documents\springcourse2\springmvcboot1\pom.xml
	at org.apache.maven.project.DefaultProjectBuilder.build(DefaultProjectBuilder.java:165) ~[na:na]
	at org.apache.maven.project.DefaultProjectBuilder.build(DefaultProjectBuilder.java:116) ~[na:na]
	at org.eclipse.m2e.core.internal.embedder.MavenImpl.readMavenProject(MavenImpl.java:628) ~[na:na]
	at org.eclipse.m2e.core.internal.project.registry.ProjectRegistryManager.lambda$3(ProjectRegistryManager.java:808) ~[na:na]
	at org.eclipse.m2e.core.internal.embedder.MavenExecutionContext.executeBare(MavenExecutionContext.java:177) ~[na:na]
	at org.eclipse.m2e.core.internal.embedder.MavenExecutionContext.execute(MavenExecutionContext.java:151) ~[na:na]
	at org.eclipse.m2e.core.internal.embedder.MavenExecutionContext.execute(MavenExecutionContext.java:99) ~[na:na]
	at org.eclipse.m2e.core.internal.project.registry.ProjectRegistryManager.execute(ProjectRegistryManager.java:958) ~[na:na]
	at org.eclipse.m2e.core.internal.project.registry.ProjectRegistryManager.readProjectWithDependencies(ProjectRegistryManager.java:805) ~[na:na]
	at org.eclipse.m2e.core.internal.project.registry.ProjectRegistryManager.create(ProjectRegistryManager.java:192) ~[na:na]
	at org.eclipse.m2e.core.internal.project.registry.MavenProjectManager.create(MavenProjectManager.java:80) ~[na:na]
	at org.eclipse.m2e.core.ui.internal.actions.SelectionUtil.getMavenProject(SelectionUtil.java:259) ~[org.eclipse.m2e.core.ui_1.10.0.20181127-2120.jar:na]
	at org.eclipse.m2e.editor.pom.MavenPomEditor.readMavenProject(MavenPomEditor.java:740) ~[na:na]
	at org.eclipse.m2e.editor.pom.MavenPomEditor$5.run(MavenPomEditor.java:1074) ~[na:na]
	at org.eclipse.core.internal.jobs.Worker.run(Worker.java:63) ~[org.eclipse.core.jobs_3.10.200.v20180912-1356.jar:na]
Caused by: org.apache.maven.model.building.ModelBuildingException: 1 problem was encountered while building the effective model for com.telusko:springmvcboot1:0.0.1-SNAPSHOT
[FATAL] Non-resolvable parent POM for com.telusko:springmvcboot1:0.0.1-SNAPSHOT: Failure to find org.springframework.boot:spring-boot-starter-parent:pom:3.2.1.RELEASE in https://repo.maven.apache.org/maven2 was cached in the local repository, resolution will not be reattempted until the update interval of central has elapsed or updates are forced and 'parent.relativePath' points at no local POM @ line 5, column 10

	at org.apache.maven.model.building.DefaultModelProblemCollector.newModelBuildingException(DefaultModelProblemCollector.java:197) ~[na:na]
	at org.apache.maven.model.building.DefaultModelBuilder.readParentExternally(DefaultModelBuilder.java:1082) ~[na:na]
	at org.apache.maven.model.building.DefaultModelBuilder.readParent(DefaultModelBuilder.java:830) ~[na:na]
	at org.apache.maven.model.building.DefaultModelBuilder.build(DefaultModelBuilder.java:332) ~[na:na]
	at org.apache.maven.project.DefaultProjectBuilder.build(DefaultProjectBuilder.java:158) ~[na:na]
	... 14 common frames omitted
2024-01-19 10:58:35,088 [Worker-12: reload maven project] INFO  o.e.m.c.i.e.AbstractTransferListenerAdapter - Downloaded https://repo.maven.apache.org/maven2/org/springframework/boot/spring-boot-starter-parent/2.5.9.RELEASE/spring-boot-starter-parent-2.5.9.RELEASE.pom
2024-01-19 10:58:35,090 [Worker-11: Building workspace] INFO  o.e.m.c.i.e.AbstractTransferListenerAdapter - Downloaded https://repo.maven.apache.org/maven2/org/springframework/boot/spring-boot-starter-parent/2.5.9.RELEASE/spring-boot-starter-parent-2.5.9.RELEASE.pom
2024-01-19 10:58:35,091 [Worker-12: reload maven project] ERROR o.e.m.c.i.p.r.ProjectRegistryManager - Failed to read Maven project: 1 problem was encountered while building the effective model for com.telusko:springmvcboot1:0.0.1-SNAPSHOT
[FATAL] Non-resolvable parent POM for com.telusko:springmvcboot1:0.0.1-SNAPSHOT: Could not find artifact org.springframework.boot:spring-boot-starter-parent:pom:2.5.9.RELEASE in central (https://repo.maven.apache.org/maven2) and 'parent.relativePath' points at no local POM @ line 5, column 10
 for project com.telusko:springmvcboot1:0.0.1-SNAPSHOT at C:\Users\maxre\Documents\springcourse2\springmvcboot1\pom.xml
org.apache.maven.project.ProjectBuildingException: 1 problem was encountered while building the effective model for com.telusko:springmvcboot1:0.0.1-SNAPSHOT
[FATAL] Non-resolvable parent POM for com.telusko:springmvcboot1:0.0.1-SNAPSHOT: Could not find artifact org.springframework.boot:spring-boot-starter-parent:pom:2.5.9.RELEASE in central (https://repo.maven.apache.org/maven2) and 'parent.relativePath' points at no local POM @ line 5, column 10
 for project com.telusko:springmvcboot1:0.0.1-SNAPSHOT at C:\Users\maxre\Documents\springcourse2\springmvcboot1\pom.xml
	at org.apache.maven.project.DefaultProjectBuilder.build(DefaultProjectBuilder.java:165) ~[na:na]
	at org.apache.maven.project.DefaultProjectBuilder.build(DefaultProjectBuilder.java:116) ~[na:na]
	at org.eclipse.m2e.core.internal.embedder.MavenImpl.readMavenProject(MavenImpl.java:628) ~[na:na]
	at org.eclipse.m2e.core.internal.project.registry.ProjectRegistryManager.lambda$3(ProjectRegistryManager.java:808) ~[na:na]
	at org.eclipse.m2e.core.internal.embedder.MavenExecutionContext.executeBare(MavenExecutionContext.java:177) ~[na:na]
	at org.eclipse.m2e.core.internal.embedder.MavenExecutionContext.execute(MavenExecutionContext.java:151) ~[na:na]
	at org.eclipse.m2e.core.internal.embedder.MavenExecutionContext.execute(MavenExecutionContext.java:99) ~[na:na]
	at org.eclipse.m2e.core.internal.project.registry.ProjectRegistryManager.execute(ProjectRegistryManager.java:958) ~[na:na]
	at org.eclipse.m2e.core.internal.project.registry.ProjectRegistryManager.readProjectWithDependencies(ProjectRegistryManager.java:805) ~[na:na]
	at org.eclipse.m2e.core.internal.project.registry.ProjectRegistryManager.create(ProjectRegistryManager.java:192) ~[na:na]
	at org.eclipse.m2e.core.internal.project.registry.MavenProjectManager.create(MavenProjectManager.java:80) ~[na:na]
	at org.eclipse.m2e.core.ui.internal.actions.SelectionUtil.getMavenProject(SelectionUtil.java:259) ~[org.eclipse.m2e.core.ui_1.10.0.20181127-2120.jar:na]
	at org.eclipse.m2e.editor.pom.MavenPomEditor.readMavenProject(MavenPomEditor.java:740) ~[na:na]
	at org.eclipse.m2e.editor.pom.MavenPomEditor$5.run(MavenPomEditor.java:1074) ~[na:na]
	at org.eclipse.core.internal.jobs.Worker.run(Worker.java:63) ~[org.eclipse.core.jobs_3.10.200.v20180912-1356.jar:na]
Caused by: org.apache.maven.model.building.ModelBuildingException: 1 problem was encountered while building the effective model for com.telusko:springmvcboot1:0.0.1-SNAPSHOT
[FATAL] Non-resolvable parent POM for com.telusko:springmvcboot1:0.0.1-SNAPSHOT: Could not find artifact org.springframework.boot:spring-boot-starter-parent:pom:2.5.9.RELEASE in central (https://repo.maven.apache.org/maven2) and 'parent.relativePath' points at no local POM @ line 5, column 10

	at org.apache.maven.model.building.DefaultModelProblemCollector.newModelBuildingException(DefaultModelProblemCollector.java:197) ~[na:na]
	at org.apache.maven.model.building.DefaultModelBuilder.readParentExternally(DefaultModelBuilder.java:1082) ~[na:na]
	at org.apache.maven.model.building.DefaultModelBuilder.readParent(DefaultModelBuilder.java:830) ~[na:na]
	at org.apache.maven.model.building.DefaultModelBuilder.build(DefaultModelBuilder.java:332) ~[na:na]
	at org.apache.maven.project.DefaultProjectBuilder.build(DefaultProjectBuilder.java:158) ~[na:na]
	... 14 common frames omitted
2024-01-19 10:58:45,678 [main] INFO  o.e.m2e.actions.ExecutePomAction - Creating new launch configuration
2024-01-19 10:58:48,622 [Worker-12: Launching springmvcboot1] INFO  o.e.m.i.launch.MavenLaunchDelegate - C:\Users\maxre\Documents\springcourse2\springmvcboot1
2024-01-19 10:58:48,623 [Worker-12: Launching springmvcboot1] INFO  o.e.m.i.launch.MavenLaunchDelegate -  mvn -B 
2024-01-20 13:49:58,680 [main] ERROR o.e.m.c.i.p.r.ProjectRegistryReader - Can't read workspace state
java.io.InvalidClassException: org.eclipse.m2e.core.internal.project.registry.VersionlessKey; local class incompatible: stream classdesc serialVersionUID = 0, local class serialVersionUID = 2125977578206347429
	at java.base/java.io.ObjectStreamClass.initNonProxy(ObjectStreamClass.java:598) ~[na:na]
	at java.base/java.io.ObjectInputStream.readNonProxyDesc(ObjectInputStream.java:2078) ~[na:na]
	at java.base/java.io.ObjectInputStream.readClassDesc(ObjectInputStream.java:1927) ~[na:na]
	at java.base/java.io.ObjectInputStream.readOrdinaryObject(ObjectInputStream.java:2252) ~[na:na]
	at java.base/java.io.ObjectInputStream.readObject0(ObjectInputStream.java:1762) ~[na:na]
	at java.base/java.io.ObjectInputStream$FieldValues.<init>(ObjectInputStream.java:2618) ~[na:na]
	at java.base/java.io.ObjectInputStream.readSerialData(ObjectInputStream.java:2469) ~[na:na]
	at java.base/java.io.ObjectInputStream.readOrdinaryObject(ObjectInputStream.java:2284) ~[na:na]
	at java.base/java.io.ObjectInputStream.readObject0(ObjectInputStream.java:1762) ~[na:na]
	at java.base/java.io.ObjectInputStream.readObject(ObjectInputStream.java:540) ~[na:na]
	at java.base/java.io.ObjectInputStream.readObject(ObjectInputStream.java:498) ~[na:na]
	at java.base/java.util.HashSet.readObject(HashSet.java:353) ~[na:na]
	at java.base/jdk.internal.reflect.DirectMethodHandleAccessor.invoke(DirectMethodHandleAccessor.java:103) ~[na:na]
	at java.base/java.lang.reflect.Method.invoke(Method.java:580) ~[na:na]
	at java.base/java.io.ObjectStreamClass.invokeReadObject(ObjectStreamClass.java:1102) ~[na:na]
	at java.base/java.io.ObjectInputStream.readSerialData(ObjectInputStream.java:2444) ~[na:na]
	at java.base/java.io.ObjectInputStream.readOrdinaryObject(ObjectInputStream.java:2284) ~[na:na]
	at java.base/java.io.ObjectInputStream.readObject0(ObjectInputStream.java:1762) ~[na:na]
	at java.base/java.io.ObjectInputStream.readObject(ObjectInputStream.java:540) ~[na:na]
	at java.base/java.io.ObjectInputStream.readObject(ObjectInputStream.java:498) ~[na:na]
	at java.base/java.util.HashMap.readObject(HashMap.java:1560) ~[na:na]
	at java.base/jdk.internal.reflect.DirectMethodHandleAccessor.invoke(DirectMethodHandleAccessor.java:103) ~[na:na]
	at java.base/java.lang.reflect.Method.invoke(Method.java:580) ~[na:na]
	at java.base/java.io.ObjectStreamClass.invokeReadObject(ObjectStreamClass.java:1102) ~[na:na]
	at java.base/java.io.ObjectInputStream.readSerialData(ObjectInputStream.java:2444) ~[na:na]
	at java.base/java.io.ObjectInputStream.readOrdinaryObject(ObjectInputStream.java:2284) ~[na:na]
	at java.base/java.io.ObjectInputStream.readObject0(ObjectInputStream.java:1762) ~[na:na]
	at java.base/java.io.ObjectInputStream$FieldValues.<init>(ObjectInputStream.java:2618) ~[na:na]
	at java.base/java.io.ObjectInputStream.readSerialData(ObjectInputStream.java:2469) ~[na:na]
	at java.base/java.io.ObjectInputStream.readOrdinaryObject(ObjectInputStream.java:2284) ~[na:na]
	at java.base/java.io.ObjectInputStream.readObject0(ObjectInputStream.java:1762) ~[na:na]
	at java.base/java.io.ObjectInputStream.readObject(ObjectInputStream.java:540) ~[na:na]
	at java.base/java.io.ObjectInputStream.readObject(ObjectInputStream.java:498) ~[na:na]
	at org.eclipse.m2e.core.internal.project.registry.ProjectRegistryReader.readWorkspaceState(ProjectRegistryReader.java:100) ~[na:na]
	at org.eclipse.m2e.core.internal.project.registry.ProjectRegistryManager.<init>(ProjectRegistryManager.java:164) ~[na:na]
	at org.eclipse.m2e.core.internal.MavenPluginActivator.start(MavenPluginActivator.java:240) ~[na:na]
	at org.eclipse.osgi.internal.framework.BundleContextImpl$3.run(BundleContextImpl.java:782) ~[org.eclipse.osgi_3.13.200.v20181130-2106.jar:na]
	at org.eclipse.osgi.internal.framework.BundleContextImpl$3.run(BundleContextImpl.java:1) ~[org.eclipse.osgi_3.13.200.v20181130-2106.jar:na]
	at java.base/java.security.AccessController.doPrivileged(AccessController.java:571) ~[na:na]
	at org.eclipse.osgi.internal.framework.BundleContextImpl.startActivator(BundleContextImpl.java:775) ~[org.eclipse.osgi_3.13.200.v20181130-2106.jar:na]
	at org.eclipse.osgi.internal.framework.BundleContextImpl.start(BundleContextImpl.java:732) ~[org.eclipse.osgi_3.13.200.v20181130-2106.jar:na]
	at org.eclipse.osgi.internal.framework.EquinoxBundle.startWorker0(EquinoxBundle.java:1005) ~[org.eclipse.osgi_3.13.200.v20181130-2106.jar:na]
	at org.eclipse.osgi.internal.framework.EquinoxBundle$EquinoxModule.startWorker(EquinoxBundle.java:357) ~[org.eclipse.osgi_3.13.200.v20181130-2106.jar:na]
	at org.eclipse.osgi.container.Module.doStart(Module.java:588) ~[org.eclipse.osgi_3.13.200.v20181130-2106.jar:na]
	at org.eclipse.osgi.container.Module.start(Module.java:456) ~[org.eclipse.osgi_3.13.200.v20181130-2106.jar:na]
	at org.eclipse.osgi.framework.util.SecureAction.start(SecureAction.java:471) ~[org.eclipse.osgi_3.13.200.v20181130-2106.jar:na]
	at org.eclipse.osgi.internal.hooks.EclipseLazyStarter.postFindLocalClass(EclipseLazyStarter.java:117) ~[na:na]
	at org.eclipse.osgi.internal.loader.classpath.ClasspathManager.findLocalClass(ClasspathManager.java:557) ~[org.eclipse.osgi_3.13.200.v20181130-2106.jar:na]
	at org.eclipse.osgi.internal.loader.ModuleClassLoader.findLocalClass(ModuleClassLoader.java:331) ~[org.eclipse.osgi_3.13.200.v20181130-2106.jar:na]
	at org.eclipse.osgi.internal.loader.BundleLoader.findLocalClass(BundleLoader.java:395) ~[org.eclipse.osgi_3.13.200.v20181130-2106.jar:na]
	at org.eclipse.osgi.internal.loader.BundleLoader.findClassInternal(BundleLoader.java:473) ~[org.eclipse.osgi_3.13.200.v20181130-2106.jar:na]
	at org.eclipse.osgi.internal.loader.BundleLoader.findClass(BundleLoader.java:422) ~[org.eclipse.osgi_3.13.200.v20181130-2106.jar:na]
	at org.eclipse.osgi.internal.loader.BundleLoader.findClass(BundleLoader.java:414) ~[org.eclipse.osgi_3.13.200.v20181130-2106.jar:na]
	at org.eclipse.osgi.internal.loader.ModuleClassLoader.loadClass(ModuleClassLoader.java:153) ~[org.eclipse.osgi_3.13.200.v20181130-2106.jar:na]
	at java.base/java.lang.ClassLoader.loadClass(ClassLoader.java:526) ~[na:na]
	at org.eclipse.osgi.internal.framework.EquinoxBundle.loadClass(EquinoxBundle.java:612) ~[org.eclipse.osgi_3.13.200.v20181130-2106.jar:na]
	at org.eclipse.core.internal.registry.osgi.RegistryStrategyOSGI.createExecutableExtension(RegistryStrategyOSGI.java:196) ~[org.eclipse.equinox.registry_3.8.200.v20181008-1820.jar:na]
	at org.eclipse.core.internal.registry.ExtensionRegistry.createExecutableExtension(ExtensionRegistry.java:934) ~[org.eclipse.equinox.registry_3.8.200.v20181008-1820.jar:na]
	at org.eclipse.core.internal.registry.ConfigurationElement.createExecutableExtension(ConfigurationElement.java:246) ~[org.eclipse.equinox.registry_3.8.200.v20181008-1820.jar:na]
	at org.eclipse.core.internal.registry.ConfigurationElementHandle.createExecutableExtension(ConfigurationElementHandle.java:63) ~[org.eclipse.equinox.registry_3.8.200.v20181008-1820.jar:na]
	at org.eclipse.ui.internal.WorkbenchPlugin.lambda$0(WorkbenchPlugin.java:291) ~[na:na]
	at org.eclipse.swt.custom.BusyIndicator.showWhile(BusyIndicator.java:72) ~[org.eclipse.swt.win32.win32.x86_64_3.109.0.v20181204-1801.jar:na]
	at org.eclipse.ui.internal.WorkbenchPlugin.createExtension(WorkbenchPlugin.java:288) ~[na:na]
	at org.eclipse.ui.internal.registry.EditorDescriptor.createEditor(EditorDescriptor.java:235) ~[na:na]
	at org.eclipse.ui.internal.EditorReference.createPart(EditorReference.java:332) ~[na:na]
	at org.eclipse.ui.internal.e4.compatibility.CompatibilityPart.createPart(CompatibilityPart.java:305) ~[na:na]
	at org.eclipse.ui.internal.e4.compatibility.CompatibilityEditor.createPart(CompatibilityEditor.java:66) ~[na:na]
	at org.eclipse.ui.internal.e4.compatibility.CompatibilityPart.create(CompatibilityPart.java:343) ~[na:na]
	at java.base/jdk.internal.reflect.DirectMethodHandleAccessor.invoke(DirectMethodHandleAccessor.java:103) ~[na:na]
	at java.base/java.lang.reflect.Method.invoke(Method.java:580) ~[na:na]
	at org.eclipse.e4.core.internal.di.MethodRequestor.execute(MethodRequestor.java:58) ~[na:na]
	at org.eclipse.e4.core.internal.di.InjectorImpl.processAnnotated(InjectorImpl.java:1001) ~[na:na]
	at org.eclipse.e4.core.internal.di.InjectorImpl.processAnnotated(InjectorImpl.java:966) ~[na:na]
	at org.eclipse.e4.core.internal.di.InjectorImpl.internalInject(InjectorImpl.java:139) ~[na:na]
	at org.eclipse.e4.core.internal.di.InjectorImpl.internalMake(InjectorImpl.java:411) ~[na:na]
	at org.eclipse.e4.core.internal.di.InjectorImpl.make(InjectorImpl.java:333) ~[na:na]
	at org.eclipse.e4.core.contexts.ContextInjectionFactory.make(ContextInjectionFactory.java:193) ~[na:na]
	at org.eclipse.e4.ui.internal.workbench.ReflectionContributionFactory.createFromBundle(ReflectionContributionFactory.java:108) ~[na:na]
	at org.eclipse.e4.ui.internal.workbench.ReflectionContributionFactory.doCreate(ReflectionContributionFactory.java:77) ~[na:na]
	at org.eclipse.e4.ui.internal.workbench.ReflectionContributionFactory.create(ReflectionContributionFactory.java:59) ~[na:na]
	at org.eclipse.e4.ui.workbench.renderers.swt.ContributedPartRenderer.createWidget(ContributedPartRenderer.java:132) ~[na:na]
	at org.eclipse.e4.ui.internal.workbench.swt.PartRenderingEngine.createWidget(PartRenderingEngine.java:1015) ~[na:na]
	at org.eclipse.e4.ui.internal.workbench.swt.PartRenderingEngine.safeCreateGui(PartRenderingEngine.java:675) ~[na:na]
	at org.eclipse.e4.ui.internal.workbench.swt.PartRenderingEngine.safeCreateGui(PartRenderingEngine.java:781) ~[na:na]
	at org.eclipse.e4.ui.internal.workbench.swt.PartRenderingEngine.access$0(PartRenderingEngine.java:752) ~[na:na]
	at org.eclipse.e4.ui.internal.workbench.swt.PartRenderingEngine$2.run(PartRenderingEngine.java:746) ~[na:na]
	at org.eclipse.core.runtime.SafeRunner.run(SafeRunner.java:45) ~[org.eclipse.equinox.common_3.10.200.v20181021-1645.jar:na]
	at org.eclipse.e4.ui.internal.workbench.swt.PartRenderingEngine.createGui(PartRenderingEngine.java:730) ~[na:na]
	at org.eclipse.e4.ui.workbench.renderers.swt.StackRenderer.showTab(StackRenderer.java:1295) ~[na:na]
	at org.eclipse.e4.ui.workbench.renderers.swt.LazyStackRenderer.postProcess(LazyStackRenderer.java:105) ~[na:na]
	at org.eclipse.e4.ui.internal.workbench.swt.PartRenderingEngine.safeCreateGui(PartRenderingEngine.java:693) ~[na:na]
	at org.eclipse.e4.ui.internal.workbench.swt.PartRenderingEngine.safeCreateGui(PartRenderingEngine.java:781) ~[na:na]
	at org.eclipse.e4.ui.internal.workbench.swt.PartRenderingEngine.access$0(PartRenderingEngine.java:752) ~[na:na]
	at org.eclipse.e4.ui.internal.workbench.swt.PartRenderingEngine$2.run(PartRenderingEngine.java:746) ~[na:na]
	at org.eclipse.core.runtime.SafeRunner.run(SafeRunner.java:45) ~[org.eclipse.equinox.common_3.10.200.v20181021-1645.jar:na]
	at org.eclipse.e4.ui.internal.workbench.swt.PartRenderingEngine.createGui(PartRenderingEngine.java:730) ~[na:na]
	at org.eclipse.e4.ui.workbench.renderers.swt.SWTPartRenderer.processContents(SWTPartRenderer.java:72) ~[na:na]
	at org.eclipse.e4.ui.internal.workbench.swt.PartRenderingEngine.safeCreateGui(PartRenderingEngine.java:689) ~[na:na]
	at org.eclipse.e4.ui.internal.workbench.swt.PartRenderingEngine$1.run(PartRenderingEngine.java:560) ~[na:na]
	at org.eclipse.core.runtime.SafeRunner.run(SafeRunner.java:45) ~[org.eclipse.equinox.common_3.10.200.v20181021-1645.jar:na]
	at org.eclipse.e4.ui.internal.workbench.swt.PartRenderingEngine.createGui(PartRenderingEngine.java:544) ~[na:na]
	at org.eclipse.e4.ui.workbench.renderers.swt.ElementReferenceRenderer.createWidget(ElementReferenceRenderer.java:73) ~[na:na]
	at org.eclipse.e4.ui.internal.workbench.swt.PartRenderingEngine.createWidget(PartRenderingEngine.java:1015) ~[na:na]
	at org.eclipse.e4.ui.internal.workbench.swt.PartRenderingEngine.safeCreateGui(PartRenderingEngine.java:675) ~[na:na]
	at org.eclipse.e4.ui.internal.workbench.swt.PartRenderingEngine.safeCreateGui(PartRenderingEngine.java:781) ~[na:na]
	at org.eclipse.e4.ui.internal.workbench.swt.PartRenderingEngine.access$0(PartRenderingEngine.java:752) ~[na:na]
	at org.eclipse.e4.ui.internal.workbench.swt.PartRenderingEngine$2.run(PartRenderingEngine.java:746) ~[na:na]
	at org.eclipse.core.runtime.SafeRunner.run(SafeRunner.java:45) ~[org.eclipse.equinox.common_3.10.200.v20181021-1645.jar:na]
	at org.eclipse.e4.ui.internal.workbench.swt.PartRenderingEngine.createGui(PartRenderingEngine.java:730) ~[na:na]
	at org.eclipse.e4.ui.workbench.renderers.swt.SWTPartRenderer.processContents(SWTPartRenderer.java:72) ~[na:na]
	at org.eclipse.e4.ui.workbench.renderers.swt.SashRenderer.processContents(SashRenderer.java:140) ~[na:na]
	at org.eclipse.e4.ui.internal.workbench.swt.PartRenderingEngine.safeCreateGui(PartRenderingEngine.java:689) ~[na:na]
	at org.eclipse.e4.ui.internal.workbench.swt.PartRenderingEngine.safeCreateGui(PartRenderingEngine.java:781) ~[na:na]
	at org.eclipse.e4.ui.internal.workbench.swt.PartRenderingEngine.access$0(PartRenderingEngine.java:752) ~[na:na]
	at org.eclipse.e4.ui.internal.workbench.swt.PartRenderingEngine$2.run(PartRenderingEngine.java:746) ~[na:na]
	at org.eclipse.core.runtime.SafeRunner.run(SafeRunner.java:45) ~[org.eclipse.equinox.common_3.10.200.v20181021-1645.jar:na]
	at org.eclipse.e4.ui.internal.workbench.swt.PartRenderingEngine.createGui(PartRenderingEngine.java:730) ~[na:na]
	at org.eclipse.e4.ui.workbench.renderers.swt.SWTPartRenderer.processContents(SWTPartRenderer.java:72) ~[na:na]
	at org.eclipse.e4.ui.workbench.renderers.swt.SashRenderer.processContents(SashRenderer.java:140) ~[na:na]
	at org.eclipse.e4.ui.internal.workbench.swt.PartRenderingEngine.safeCreateGui(PartRenderingEngine.java:689) ~[na:na]
	at org.eclipse.e4.ui.internal.workbench.swt.PartRenderingEngine.safeCreateGui(PartRenderingEngine.java:781) ~[na:na]
	at org.eclipse.e4.ui.internal.workbench.swt.PartRenderingEngine.access$0(PartRenderingEngine.java:752) ~[na:na]
	at org.eclipse.e4.ui.internal.workbench.swt.PartRenderingEngine$2.run(PartRenderingEngine.java:746) ~[na:na]
	at org.eclipse.core.runtime.SafeRunner.run(SafeRunner.java:45) ~[org.eclipse.equinox.common_3.10.200.v20181021-1645.jar:na]
	at org.eclipse.e4.ui.internal.workbench.swt.PartRenderingEngine.createGui(PartRenderingEngine.java:730) ~[na:na]
	at org.eclipse.e4.ui.workbench.renderers.swt.SWTPartRenderer.processContents(SWTPartRenderer.java:72) ~[na:na]
	at org.eclipse.e4.ui.workbench.renderers.swt.SashRenderer.processContents(SashRenderer.java:140) ~[na:na]
	at org.eclipse.e4.ui.internal.workbench.swt.PartRenderingEngine.safeCreateGui(PartRenderingEngine.java:689) ~[na:na]
	at org.eclipse.e4.ui.internal.workbench.swt.PartRenderingEngine.safeCreateGui(PartRenderingEngine.java:781) ~[na:na]
	at org.eclipse.e4.ui.internal.workbench.swt.PartRenderingEngine.access$0(PartRenderingEngine.java:752) ~[na:na]
	at org.eclipse.e4.ui.internal.workbench.swt.PartRenderingEngine$2.run(PartRenderingEngine.java:746) ~[na:na]
	at org.eclipse.core.runtime.SafeRunner.run(SafeRunner.java:45) ~[org.eclipse.equinox.common_3.10.200.v20181021-1645.jar:na]
	at org.eclipse.e4.ui.internal.workbench.swt.PartRenderingEngine.createGui(PartRenderingEngine.java:730) ~[na:na]
	at org.eclipse.e4.ui.workbench.renderers.swt.SWTPartRenderer.processContents(SWTPartRenderer.java:72) ~[na:na]
	at org.eclipse.e4.ui.workbench.renderers.swt.PerspectiveRenderer.processContents(PerspectiveRenderer.java:51) ~[na:na]
	at org.eclipse.e4.ui.internal.workbench.swt.PartRenderingEngine.safeCreateGui(PartRenderingEngine.java:689) ~[na:na]
	at org.eclipse.e4.ui.internal.workbench.swt.PartRenderingEngine.safeCreateGui(PartRenderingEngine.java:781) ~[na:na]
	at org.eclipse.e4.ui.internal.workbench.swt.PartRenderingEngine.access$0(PartRenderingEngine.java:752) ~[na:na]
	at org.eclipse.e4.ui.internal.workbench.swt.PartRenderingEngine$2.run(PartRenderingEngine.java:746) ~[na:na]
	at org.eclipse.core.runtime.SafeRunner.run(SafeRunner.java:45) ~[org.eclipse.equinox.common_3.10.200.v20181021-1645.jar:na]
	at org.eclipse.e4.ui.internal.workbench.swt.PartRenderingEngine.createGui(PartRenderingEngine.java:730) ~[na:na]
	at org.eclipse.e4.ui.workbench.renderers.swt.PerspectiveStackRenderer.showTab(PerspectiveStackRenderer.java:82) ~[na:na]
	at org.eclipse.e4.ui.workbench.renderers.swt.LazyStackRenderer.postProcess(LazyStackRenderer.java:105) ~[na:na]
	at org.eclipse.e4.ui.workbench.renderers.swt.PerspectiveStackRenderer.postProcess(PerspectiveStackRenderer.java:64) ~[na:na]
	at org.eclipse.e4.ui.internal.workbench.swt.PartRenderingEngine.safeCreateGui(PartRenderingEngine.java:693) ~[na:na]
	at org.eclipse.e4.ui.internal.workbench.swt.PartRenderingEngine.safeCreateGui(PartRenderingEngine.java:781) ~[na:na]
	at org.eclipse.e4.ui.internal.workbench.swt.PartRenderingEngine.access$0(PartRenderingEngine.java:752) ~[na:na]
	at org.eclipse.e4.ui.internal.workbench.swt.PartRenderingEngine$2.run(PartRenderingEngine.java:746) ~[na:na]
	at org.eclipse.core.runtime.SafeRunner.run(SafeRunner.java:45) ~[org.eclipse.equinox.common_3.10.200.v20181021-1645.jar:na]
	at org.eclipse.e4.ui.internal.workbench.swt.PartRenderingEngine.createGui(PartRenderingEngine.java:730) ~[na:na]
	at org.eclipse.e4.ui.workbench.renderers.swt.SWTPartRenderer.processContents(SWTPartRenderer.java:72) ~[na:na]
	at org.eclipse.e4.ui.workbench.renderers.swt.SashRenderer.processContents(SashRenderer.java:140) ~[na:na]
	at org.eclipse.e4.ui.internal.workbench.swt.PartRenderingEngine.safeCreateGui(PartRenderingEngine.java:689) ~[na:na]
	at org.eclipse.e4.ui.internal.workbench.swt.PartRenderingEngine.safeCreateGui(PartRenderingEngine.java:781) ~[na:na]
	at org.eclipse.e4.ui.internal.workbench.swt.PartRenderingEngine.access$0(PartRenderingEngine.java:752) ~[na:na]
	at org.eclipse.e4.ui.internal.workbench.swt.PartRenderingEngine$2.run(PartRenderingEngine.java:746) ~[na:na]
	at org.eclipse.core.runtime.SafeRunner.run(SafeRunner.java:45) ~[org.eclipse.equinox.common_3.10.200.v20181021-1645.jar:na]
	at org.eclipse.e4.ui.internal.workbench.swt.PartRenderingEngine.createGui(PartRenderingEngine.java:730) ~[na:na]
	at org.eclipse.e4.ui.workbench.renderers.swt.SWTPartRenderer.processContents(SWTPartRenderer.java:72) ~[na:na]
	at org.eclipse.e4.ui.workbench.renderers.swt.WBWRenderer.processContents(WBWRenderer.java:665) ~[na:na]
	at org.eclipse.e4.ui.internal.workbench.swt.PartRenderingEngine.safeCreateGui(PartRenderingEngine.java:689) ~[na:na]
	at org.eclipse.e4.ui.internal.workbench.swt.PartRenderingEngine.safeCreateGui(PartRenderingEngine.java:781) ~[na:na]
	at org.eclipse.e4.ui.internal.workbench.swt.PartRenderingEngine.access$0(PartRenderingEngine.java:752) ~[na:na]
	at org.eclipse.e4.ui.internal.workbench.swt.PartRenderingEngine$2.run(PartRenderingEngine.java:746) ~[na:na]
	at org.eclipse.core.runtime.SafeRunner.run(SafeRunner.java:45) ~[org.eclipse.equinox.common_3.10.200.v20181021-1645.jar:na]
	at org.eclipse.e4.ui.internal.workbench.swt.PartRenderingEngine.createGui(PartRenderingEngine.java:730) ~[na:na]
	at org.eclipse.e4.ui.internal.workbench.swt.PartRenderingEngine$5.run(PartRenderingEngine.java:1099) ~[na:na]
	at org.eclipse.core.databinding.observable.Realm.runWithDefault(Realm.java:339) ~[na:na]
	at org.eclipse.e4.ui.internal.workbench.swt.PartRenderingEngine.run(PartRenderingEngine.java:1062) ~[na:na]
	at org.eclipse.e4.ui.internal.workbench.E4Workbench.createAndRunUI(E4Workbench.java:156) ~[na:na]
	at org.eclipse.ui.internal.Workbench.lambda$3(Workbench.java:636) ~[na:na]
	at org.eclipse.core.databinding.observable.Realm.runWithDefault(Realm.java:339) ~[na:na]
	at org.eclipse.ui.internal.Workbench.createAndRunWorkbench(Workbench.java:563) ~[na:na]
	at org.eclipse.ui.PlatformUI.createAndRunWorkbench(PlatformUI.java:151) ~[na:na]
	at org.eclipse.ui.internal.ide.application.IDEApplication.start(IDEApplication.java:155) ~[na:na]
	at org.eclipse.equinox.internal.app.EclipseAppHandle.run(EclipseAppHandle.java:203) ~[org.eclipse.equinox.app_1.4.0.v20181009-1752.jar:na]
	at org.eclipse.core.runtime.internal.adaptor.EclipseAppLauncher.runApplication(EclipseAppLauncher.java:137) ~[org.eclipse.osgi_3.13.200.v20181130-2106.jar:na]
	at org.eclipse.core.runtime.internal.adaptor.EclipseAppLauncher.start(EclipseAppLauncher.java:107) ~[org.eclipse.osgi_3.13.200.v20181130-2106.jar:na]
	at org.eclipse.core.runtime.adaptor.EclipseStarter.run(EclipseStarter.java:400) ~[org.eclipse.osgi_3.13.200.v20181130-2106.jar:na]
	at org.eclipse.core.runtime.adaptor.EclipseStarter.run(EclipseStarter.java:255) ~[org.eclipse.osgi_3.13.200.v20181130-2106.jar:na]
	at java.base/jdk.internal.reflect.DirectMethodHandleAccessor.invoke(DirectMethodHandleAccessor.java:103) ~[na:na]
	at java.base/java.lang.reflect.Method.invoke(Method.java:580) ~[na:na]
	at org.eclipse.equinox.launcher.Main.invokeFramework(Main.java:659) ~[org.eclipse.equinox.launcher_1.5.200.v20180922-1751.jar:na]
	at org.eclipse.equinox.launcher.Main.basicRun(Main.java:595) ~[org.eclipse.equinox.launcher_1.5.200.v20180922-1751.jar:na]
	at org.eclipse.equinox.launcher.Main.run(Main.java:1501) ~[org.eclipse.equinox.launcher_1.5.200.v20180922-1751.jar:na]
2024-01-20 13:50:01,699 [Worker-4: Loading available Gradle versions] INFO  o.e.b.c.i.u.g.PublishedGradleVersions - Gradle version information cache is out-of-date. Trying to update.
2024-01-20 13:50:02,091 [Worker-7: reload maven project] ERROR o.e.m.c.i.p.r.ProjectRegistryManager - Failed to read Maven project: 1 problem was encountered while building the effective model for com.telusko:springmvcboot1:0.0.1-SNAPSHOT
[FATAL] Non-resolvable parent POM for com.telusko:springmvcboot1:0.0.1-SNAPSHOT: Failure to find org.springframework.boot:spring-boot-starter-parent:pom:2.5.9.RELEASE in https://repo.maven.apache.org/maven2 was cached in the local repository, resolution will not be reattempted until the update interval of central has elapsed or updates are forced and 'parent.relativePath' points at no local POM @ line 5, column 10
 for project com.telusko:springmvcboot1:0.0.1-SNAPSHOT at C:\Users\maxre\Documents\springcourse2\springmvcboot1\pom.xml
org.apache.maven.project.ProjectBuildingException: 1 problem was encountered while building the effective model for com.telusko:springmvcboot1:0.0.1-SNAPSHOT
[FATAL] Non-resolvable parent POM for com.telusko:springmvcboot1:0.0.1-SNAPSHOT: Failure to find org.springframework.boot:spring-boot-starter-parent:pom:2.5.9.RELEASE in https://repo.maven.apache.org/maven2 was cached in the local repository, resolution will not be reattempted until the update interval of central has elapsed or updates are forced and 'parent.relativePath' points at no local POM @ line 5, column 10
 for project com.telusko:springmvcboot1:0.0.1-SNAPSHOT at C:\Users\maxre\Documents\springcourse2\springmvcboot1\pom.xml
	at org.apache.maven.project.DefaultProjectBuilder.build(DefaultProjectBuilder.java:165) ~[na:na]
	at org.apache.maven.project.DefaultProjectBuilder.build(DefaultProjectBuilder.java:116) ~[na:na]
	at org.eclipse.m2e.core.internal.embedder.MavenImpl.readMavenProject(MavenImpl.java:628) ~[na:na]
	at org.eclipse.m2e.core.internal.project.registry.ProjectRegistryManager.lambda$3(ProjectRegistryManager.java:808) ~[na:na]
	at org.eclipse.m2e.core.internal.embedder.MavenExecutionContext.executeBare(MavenExecutionContext.java:177) ~[na:na]
	at org.eclipse.m2e.core.internal.embedder.MavenExecutionContext.execute(MavenExecutionContext.java:151) ~[na:na]
	at org.eclipse.m2e.core.internal.embedder.MavenExecutionContext.execute(MavenExecutionContext.java:99) ~[na:na]
	at org.eclipse.m2e.core.internal.project.registry.ProjectRegistryManager.execute(ProjectRegistryManager.java:958) ~[na:na]
	at org.eclipse.m2e.core.internal.project.registry.ProjectRegistryManager.readProjectWithDependencies(ProjectRegistryManager.java:805) ~[na:na]
	at org.eclipse.m2e.core.internal.project.registry.ProjectRegistryManager.create(ProjectRegistryManager.java:192) ~[na:na]
	at org.eclipse.m2e.core.internal.project.registry.MavenProjectManager.create(MavenProjectManager.java:80) ~[na:na]
	at org.eclipse.m2e.core.ui.internal.actions.SelectionUtil.getMavenProject(SelectionUtil.java:259) ~[org.eclipse.m2e.core.ui_1.10.0.20181127-2120.jar:na]
	at org.eclipse.m2e.editor.pom.MavenPomEditor.readMavenProject(MavenPomEditor.java:740) ~[na:na]
	at org.eclipse.m2e.editor.pom.MavenPomEditor$5.run(MavenPomEditor.java:1074) ~[na:na]
	at org.eclipse.core.internal.jobs.Worker.run(Worker.java:63) ~[org.eclipse.core.jobs_3.10.200.v20180912-1356.jar:na]
Caused by: org.apache.maven.model.building.ModelBuildingException: 1 problem was encountered while building the effective model for com.telusko:springmvcboot1:0.0.1-SNAPSHOT
[FATAL] Non-resolvable parent POM for com.telusko:springmvcboot1:0.0.1-SNAPSHOT: Failure to find org.springframework.boot:spring-boot-starter-parent:pom:2.5.9.RELEASE in https://repo.maven.apache.org/maven2 was cached in the local repository, resolution will not be reattempted until the update interval of central has elapsed or updates are forced and 'parent.relativePath' points at no local POM @ line 5, column 10

	at org.apache.maven.model.building.DefaultModelProblemCollector.newModelBuildingException(DefaultModelProblemCollector.java:197) ~[na:na]
	at org.apache.maven.model.building.DefaultModelBuilder.readParentExternally(DefaultModelBuilder.java:1082) ~[na:na]
	at org.apache.maven.model.building.DefaultModelBuilder.readParent(DefaultModelBuilder.java:830) ~[na:na]
	at org.apache.maven.model.building.DefaultModelBuilder.build(DefaultModelBuilder.java:332) ~[na:na]
	at org.apache.maven.project.DefaultProjectBuilder.build(DefaultProjectBuilder.java:158) ~[na:na]
	... 14 common frames omitted
2024-01-20 13:50:07,352 [Worker-5: Updating Maven Dependencies] INFO  o.e.m.c.i.l.LifecycleMappingFactory - Using org.eclipse.m2e.jdt.JarLifecycleMapping lifecycle mapping for MavenProject: com.telusko:SpringDemo:0.0.1-SNAPSHOT @ C:\Users\maxre\Documents\springcourse2\SpringDemo\pom.xml.
2024-01-20 13:50:08,985 [Worker-1: Building workspace] INFO  o.e.m.c.i.embedder.EclipseLogger - Using 'UTF-8' encoding to copy filtered resources.
2024-01-20 13:50:08,985 [Worker-1: Building workspace] INFO  o.e.m.c.i.embedder.EclipseLogger - skip non existing resourceDirectory C:\Users\maxre\Documents\springcourse2\SpringDemo\src\main\resources
2024-01-20 13:50:08,986 [Worker-1: Building workspace] INFO  o.e.m.c.i.embedder.EclipseLogger - Using 'UTF-8' encoding to copy filtered resources.
2024-01-20 13:50:08,987 [Worker-1: Building workspace] INFO  o.e.m.c.i.embedder.EclipseLogger - skip non existing resourceDirectory C:\Users\maxre\Documents\springcourse2\SpringDemo\src\test\resources
2024-01-20 13:50:36,892 [Worker-14: Building workspace] INFO  o.e.m.c.i.embedder.EclipseLogger - Using 'UTF-8' encoding to copy filtered resources.
2024-01-20 13:50:36,892 [Worker-14: Building workspace] INFO  o.e.m.c.i.embedder.EclipseLogger - skip non existing resourceDirectory C:\Users\maxre\Documents\springcourse2\SpringDemo\src\main\resources
2024-01-20 13:50:36,893 [Worker-14: Building workspace] INFO  o.e.m.c.i.embedder.EclipseLogger - Using 'UTF-8' encoding to copy filtered resources.
2024-01-20 13:50:36,893 [Worker-14: Building workspace] INFO  o.e.m.c.i.embedder.EclipseLogger - skip non existing resourceDirectory C:\Users\maxre\Documents\springcourse2\SpringDemo\src\test\resources
2024-01-20 13:55:38,732 [Worker-0: Loading available Gradle versions] INFO  o.e.b.c.i.u.g.PublishedGradleVersions - Gradle version information cache is up-to-date. Trying to read.
